2023-11-29 15:33:53,837 [INFO] Activator:177 - 


2023-11-29 15:33:53,841 [INFO] Activator:178 - !SESSION log4j initialized
2023-11-29 15:34:07,262 [INFO] McuFinderGlobals:39 - Set McuFinder mode to 2 (CubeIDE integrated)
2023-11-29 15:34:07,881 [INFO] ApplicationProperties:181 - Using Application install path: D:\STMCubeIDE\STM32CubeIDE_1.7.0\STM32CubeIDE\plugins\com.st.stm32cube.common.mx_6.3.0.202107141111
2023-11-29 15:34:07,902 [INFO] DbMcusXml:74 - Set database path to: D:\STMCubeIDE\STM32CubeIDE_1.7.0\STM32CubeIDE\plugins\com.st.stm32cube.common.mx_6.3.0.202107141111\\db\/mcu/
2023-11-29 15:34:07,906 [INFO] DbBoardsPdsc:56 - Set plugin database path to: D:\STMCubeIDE\STM32CubeIDE_1.7.0\STM32CubeIDE\plugins\com.st.stm32cube.common.mx_6.3.0.202107141111\\db\/plugins/boardmanager/
2023-11-29 15:34:07,907 [INFO] DbMcus:258 - Set plugin images path to: D:\STMCubeIDE\STM32CubeIDE_1.7.0\STM32CubeIDE\plugins\com.st.stm32cube.common.mx_6.3.0.202107141111\\db\/plugins/mcufinder/images/
2023-11-29 15:34:07,907 [INFO] DbBoards:264 - Set plugin images path to: D:\STMCubeIDE\STM32CubeIDE_1.7.0\STM32CubeIDE\plugins\com.st.stm32cube.common.mx_6.3.0.202107141111\\db\/plugins/mcufinder/images/
2023-11-29 15:34:07,913 [INFO] DbExamples:333 - Set plugin images path to: D:\STMCubeIDE\STM32CubeIDE_1.7.0\STM32CubeIDE\plugins\com.st.stm32cube.common.mx_6.3.0.202107141111\\db\/plugins/mcufinder/images/
2023-11-29 15:34:07,925 [INFO] DbMcusAds:119 - Set database path to: C:\Users\ACER\.stmcufinder\plugins\mcufinder//mcu/
2023-11-29 15:34:07,927 [INFO] DbMcusDocs:110 - Set database path to: C:\Users\ACER\.stmcufinder\plugins\mcufinder//mcu/
2023-11-29 15:34:07,932 [INFO] DbMcusJson:64 - Set database path to: C:\Users\ACER\.stmcufinder\plugins\mcufinder//mcu/
2023-11-29 15:34:07,933 [INFO] DbBoardsDocs:110 - Set database path to: C:\Users\ACER\.stmcufinder\plugins\mcufinder//mcu/
2023-11-29 15:34:07,934 [INFO] DbBoardsJson:57 - Set database path to: C:\Users\ACER\.stmcufinder\plugins\mcufinder//mcu/
2023-11-29 15:34:07,938 [INFO] CrossReferenceDbSqlite:196 - Set database path to: C:\Users\ACER\.stmcufinder\plugins\mcufinder//mcu/cs/
2023-11-29 15:34:07,943 [INFO] DbExamplesSqlite:767 - Set database path to: C:\Users\ACER\.stmcufinder\plugins\mcufinder//mcu/
2023-11-29 15:34:08,082 [INFO] RulesReader:57 - Compatibility file has been processed (242 Rules)
2023-11-29 15:34:08,235 [INFO] DbMcusXml:74 - Set database path to: D:\STMCubeIDE\STM32CubeIDE_1.7.0\STM32CubeIDE\plugins\com.st.stm32cube.common.mx_6.3.0.202107141111\\db\/mcu/
2023-11-29 15:34:08,236 [INFO] DbBoardsPdsc:56 - Set plugin database path to: D:\STMCubeIDE\STM32CubeIDE_1.7.0\STM32CubeIDE\plugins\com.st.stm32cube.common.mx_6.3.0.202107141111\\db\/plugins/boardmanager/
2023-11-29 15:34:08,236 [INFO] DbMcus:258 - Set plugin images path to: D:\STMCubeIDE\STM32CubeIDE_1.7.0\STM32CubeIDE\plugins\com.st.stm32cube.common.mx_6.3.0.202107141111\\db\/plugins/mcufinder/images/
2023-11-29 15:34:08,236 [INFO] DbBoards:264 - Set plugin images path to: D:\STMCubeIDE\STM32CubeIDE_1.7.0\STM32CubeIDE\plugins\com.st.stm32cube.common.mx_6.3.0.202107141111\\db\/plugins/mcufinder/images/
2023-11-29 15:34:08,237 [INFO] DbExamples:333 - Set plugin images path to: D:\STMCubeIDE\STM32CubeIDE_1.7.0\STM32CubeIDE\plugins\com.st.stm32cube.common.mx_6.3.0.202107141111\\db\/plugins/mcufinder/images/
2023-11-29 15:34:08,237 [WARN] DbFile:35 - Overriding database path with different value: C:\Users\ACER\.stmcufinder\plugins\mcufinder/ => C:\Users\ACER\.stmcufinder\plugins\mcufinder
2023-11-29 15:34:08,237 [INFO] DbMcusAds:119 - Set database path to: C:\Users\ACER\.stmcufinder\plugins\mcufinder//mcu/
2023-11-29 15:34:08,237 [WARN] DbFile:35 - Overriding database path with different value: C:\Users\ACER\.stmcufinder\plugins\mcufinder/ => C:\Users\ACER\.stmcufinder\plugins\mcufinder
2023-11-29 15:34:08,238 [INFO] DbMcusDocs:110 - Set database path to: C:\Users\ACER\.stmcufinder\plugins\mcufinder//mcu/
2023-11-29 15:34:08,238 [WARN] DbFile:35 - Overriding database path with different value: C:\Users\ACER\.stmcufinder\plugins\mcufinder/ => C:\Users\ACER\.stmcufinder\plugins\mcufinder
2023-11-29 15:34:08,238 [INFO] DbMcusJson:64 - Set database path to: C:\Users\ACER\.stmcufinder\plugins\mcufinder//mcu/
2023-11-29 15:34:08,238 [WARN] DbFile:35 - Overriding database path with different value: C:\Users\ACER\.stmcufinder\plugins\mcufinder/ => C:\Users\ACER\.stmcufinder\plugins\mcufinder
2023-11-29 15:34:08,238 [INFO] DbBoardsDocs:110 - Set database path to: C:\Users\ACER\.stmcufinder\plugins\mcufinder//mcu/
2023-11-29 15:34:08,239 [WARN] DbFile:35 - Overriding database path with different value: C:\Users\ACER\.stmcufinder\plugins\mcufinder/ => C:\Users\ACER\.stmcufinder\plugins\mcufinder
2023-11-29 15:34:08,239 [INFO] DbBoardsJson:57 - Set database path to: C:\Users\ACER\.stmcufinder\plugins\mcufinder//mcu/
2023-11-29 15:34:08,239 [WARN] DbFile:35 - Overriding database path with different value: C:\Users\ACER\.stmcufinder\plugins\mcufinder/ => C:\Users\ACER\.stmcufinder\plugins\mcufinder
2023-11-29 15:34:08,239 [WARN] DbFile:35 - Overriding database path with different value: C:\Users\ACER\.stmcufinder\plugins\mcufinder/ => C:\Users\ACER\.stmcufinder\plugins\mcufinder
2023-11-29 15:34:08,297 [INFO] CrossReferenceDbSqlite:196 - Set database path to: C:\Users\ACER\.stmcufinder\plugins\mcufinder//mcu/cs/
2023-11-29 15:34:08,298 [WARN] DbFile:35 - Overriding database path with different value: C:\Users\ACER\.stmcufinder\plugins\mcufinder/ => C:\Users\ACER\.stmcufinder\plugins\mcufinder
2023-11-29 15:34:08,299 [INFO] DbExamplesSqlite:767 - Set database path to: C:\Users\ACER\.stmcufinder\plugins\mcufinder//mcu/
2023-11-29 15:34:08,392 [INFO] MainPanel:214 - HeapMemory: 268435456
2023-11-29 15:34:08,503 [INFO] DbMcusXml:74 - Set database path to: D:\STMCubeIDE\STM32CubeIDE_1.7.0\STM32CubeIDE\plugins\com.st.stm32cube.common.mx_6.3.0.202107141111\\db\/mcu/
2023-11-29 15:34:08,503 [INFO] DbBoardsPdsc:56 - Set plugin database path to: D:\STMCubeIDE\STM32CubeIDE_1.7.0\STM32CubeIDE\plugins\com.st.stm32cube.common.mx_6.3.0.202107141111\\db\/plugins/boardmanager/
2023-11-29 15:34:08,503 [INFO] DbMcus:258 - Set plugin images path to: D:\STMCubeIDE\STM32CubeIDE_1.7.0\STM32CubeIDE\plugins\com.st.stm32cube.common.mx_6.3.0.202107141111\\db\/plugins/mcufinder/images/
2023-11-29 15:34:08,503 [INFO] DbBoards:264 - Set plugin images path to: D:\STMCubeIDE\STM32CubeIDE_1.7.0\STM32CubeIDE\plugins\com.st.stm32cube.common.mx_6.3.0.202107141111\\db\/plugins/mcufinder/images/
2023-11-29 15:34:08,503 [INFO] DbExamples:333 - Set plugin images path to: D:\STMCubeIDE\STM32CubeIDE_1.7.0\STM32CubeIDE\plugins\com.st.stm32cube.common.mx_6.3.0.202107141111\\db\/plugins/mcufinder/images/
2023-11-29 15:34:08,504 [WARN] DbFile:35 - Overriding database path with different value: C:\Users\ACER\.stmcufinder\plugins\mcufinder/ => C:\Users\ACER\.stmcufinder\plugins\mcufinder
2023-11-29 15:34:08,504 [INFO] DbMcusAds:119 - Set database path to: C:\Users\ACER\.stmcufinder\plugins\mcufinder//mcu/
2023-11-29 15:34:08,504 [WARN] DbFile:35 - Overriding database path with different value: C:\Users\ACER\.stmcufinder\plugins\mcufinder/ => C:\Users\ACER\.stmcufinder\plugins\mcufinder
2023-11-29 15:34:08,504 [INFO] DbMcusDocs:110 - Set database path to: C:\Users\ACER\.stmcufinder\plugins\mcufinder//mcu/
2023-11-29 15:34:08,504 [WARN] DbFile:35 - Overriding database path with different value: C:\Users\ACER\.stmcufinder\plugins\mcufinder/ => C:\Users\ACER\.stmcufinder\plugins\mcufinder
2023-11-29 15:34:08,504 [INFO] DbMcusJson:64 - Set database path to: C:\Users\ACER\.stmcufinder\plugins\mcufinder//mcu/
2023-11-29 15:34:08,505 [WARN] DbFile:35 - Overriding database path with different value: C:\Users\ACER\.stmcufinder\plugins\mcufinder/ => C:\Users\ACER\.stmcufinder\plugins\mcufinder
2023-11-29 15:34:08,505 [INFO] DbBoardsDocs:110 - Set database path to: C:\Users\ACER\.stmcufinder\plugins\mcufinder//mcu/
2023-11-29 15:34:08,505 [WARN] DbFile:35 - Overriding database path with different value: C:\Users\ACER\.stmcufinder\plugins\mcufinder/ => C:\Users\ACER\.stmcufinder\plugins\mcufinder
2023-11-29 15:34:08,505 [INFO] DbBoardsJson:57 - Set database path to: C:\Users\ACER\.stmcufinder\plugins\mcufinder//mcu/
2023-11-29 15:34:08,505 [WARN] DbFile:35 - Overriding database path with different value: C:\Users\ACER\.stmcufinder\plugins\mcufinder/ => C:\Users\ACER\.stmcufinder\plugins\mcufinder
2023-11-29 15:34:08,505 [WARN] DbFile:35 - Overriding database path with different value: C:\Users\ACER\.stmcufinder\plugins\mcufinder/ => C:\Users\ACER\.stmcufinder\plugins\mcufinder
2023-11-29 15:34:08,505 [INFO] CrossReferenceDbSqlite:196 - Set database path to: C:\Users\ACER\.stmcufinder\plugins\mcufinder//mcu/cs/
2023-11-29 15:34:08,505 [WARN] DbFile:35 - Overriding database path with different value: C:\Users\ACER\.stmcufinder\plugins\mcufinder/ => C:\Users\ACER\.stmcufinder\plugins\mcufinder
2023-11-29 15:34:08,505 [INFO] DbExamplesSqlite:767 - Set database path to: C:\Users\ACER\.stmcufinder\plugins\mcufinder//mcu/
2023-11-29 15:34:08,533 [INFO] ApplicationProperties:181 - Using Application install path: D:\STMCubeIDE\STM32CubeIDE_1.7.0\STM32CubeIDE\plugins\com.st.stm32cube.common.mx_6.3.0.202107141111
2023-11-29 15:34:08,534 [INFO] PluginManage:188 - Search for loadable plugins [exclusion list=, ]
2023-11-29 15:34:08,536 [INFO] PluginManage:302 - Check plugin analytics
2023-11-29 15:34:13,337 [INFO] AnalyticsPlugin:257 - Accepted Software Licenses: 
2023-11-29 15:34:13,337 [INFO] AnalyticsPlugin:259 - Accepted CMSIS Pack Licenses: 
2023-11-29 15:34:13,338 [INFO] AnalyticsPlugin:261 - Accepted Firmware Licenses: 
2023-11-29 15:34:13,338 [INFO] PluginManage:352 - Loaded plugin analytics (category:tool,tabindex:-1)
2023-11-29 15:34:13,338 [INFO] PluginManage:302 - Check plugin clock
2023-11-29 15:34:13,364 [INFO] PluginManage:352 - Loaded plugin clock (category:base,tabindex:2)
2023-11-29 15:34:13,364 [INFO] PluginManage:302 - Check plugin ddr
2023-11-29 15:34:13,368 [INFO] PluginManage:352 - Loaded plugin ddr (category:tool,tabindex:6)
2023-11-29 15:34:13,368 [INFO] PluginManage:302 - Check plugin filemanager
2023-11-29 15:34:13,540 [INFO] PluginManage:352 - Loaded plugin filemanager (category:base,tabindex:10)
2023-11-29 15:34:13,540 [INFO] PluginManage:302 - Check plugin ipmanager
2023-11-29 15:34:13,553 [INFO] PluginManage:352 - Loaded plugin ipmanager (category:base,tabindex:5)
2023-11-29 15:34:13,553 [INFO] PluginManage:302 - Check plugin pinoutandconfiguration
2023-11-29 15:34:13,577 [INFO] PluginManage:352 - Loaded plugin pinoutandconfiguration (category:base,tabindex:1)
2023-11-29 15:34:13,577 [INFO] PluginManage:302 - Check plugin pinoutconfig
2023-11-29 15:34:13,634 [INFO] PluginManage:352 - Loaded plugin pinoutconfig (category:base,tabindex:0)
2023-11-29 15:34:13,635 [INFO] PluginManage:302 - Check plugin power
2023-11-29 15:34:13,672 [INFO] PluginManage:352 - Loaded plugin power (category:power,tabindex:4)
2023-11-29 15:34:13,672 [INFO] PluginManage:302 - Check plugin projectmanager
2023-11-29 15:34:13,696 [INFO] PluginManage:352 - Loaded plugin projectmanager (category:projectmanager,tabindex:3)
2023-11-29 15:34:13,696 [INFO] PluginManage:302 - Check plugin thirdparty
2023-11-29 15:34:14,105 [WARN] IntegrityCheckThread:78 - waiting for thirdparty lock release [integrity check]
2023-11-29 15:34:14,108 [INFO] IntegrityCheckThread:80 - entering critical section [integrity check]
2023-11-29 15:34:14,107 [INFO] PluginManage:352 - Loaded plugin thirdparty (category:base,tabindex:-1)
2023-11-29 15:34:14,108 [INFO] PluginManage:302 - Check plugin tools
2023-11-29 15:34:14,108 [INFO] ThirdPartyUpdaterWithRetryManager:66 - Updater plugin not ready yet. [1/15]
2023-11-29 15:34:14,192 [INFO] PluginManage:352 - Loaded plugin tools (category:base,tabindex:7)
2023-11-29 15:34:14,192 [INFO] PluginManage:302 - Check plugin tutovideos
2023-11-29 15:34:14,526 [INFO] PluginManage:352 - Loaded plugin tutovideos (category:base,tabindex:-1)
2023-11-29 15:34:14,526 [INFO] PluginManage:302 - Check plugin updater
2023-11-29 15:34:14,544 [INFO] PluginManage:352 - Loaded plugin updater (category:base,tabindex:12)
2023-11-29 15:34:14,544 [INFO] PluginManage:275 - PluginManage : Loaded plugins [13]
2023-11-29 15:34:14,793 [INFO] PinOutPanel:1463 - setPackage(No Configuration,No Configuration)
2023-11-29 15:34:14,923 [INFO] IPUIPlugin:74 - create IPUIPlugin
2023-11-29 15:34:14,923 [INFO] PluginManager:213 - loadIPPluginJar : add adc
2023-11-29 15:34:14,985 [INFO] IPUIPlugin:74 - create IPUIPlugin
2023-11-29 15:34:14,985 [INFO] PluginManager:213 - loadIPPluginJar : add aes
2023-11-29 15:34:15,051 [INFO] IPUIPlugin:74 - create IPUIPlugin
2023-11-29 15:34:15,051 [INFO] PluginManager:213 - loadIPPluginJar : add can
2023-11-29 15:34:15,094 [INFO] IPUIPlugin:74 - create IPUIPlugin
2023-11-29 15:34:15,095 [INFO] PluginManager:213 - loadIPPluginJar : add comp
2023-11-29 15:34:15,143 [INFO] IPUIPlugin:74 - create IPUIPlugin
2023-11-29 15:34:15,145 [INFO] PluginManager:213 - loadIPPluginJar : add cryp
2023-11-29 15:34:15,223 [INFO] IPUIPlugin:74 - create IPUIPlugin
2023-11-29 15:34:15,223 [INFO] PluginManager:213 - loadIPPluginJar : add dfsdm
2023-11-29 15:34:15,265 [INFO] IPUIPlugin:74 - create IPUIPlugin
2023-11-29 15:34:15,267 [INFO] PluginManager:213 - loadIPPluginJar : add dma
2023-11-29 15:34:15,358 [INFO] IPUIPlugin:74 - create IPUIPlugin
2023-11-29 15:34:15,358 [INFO] PluginManager:213 - loadIPPluginJar : add dma3
2023-11-29 15:34:15,402 [INFO] IPUIPlugin:74 - create IPUIPlugin
2023-11-29 15:34:15,402 [INFO] PluginManager:213 - loadIPPluginJar : add fatfs
2023-11-29 15:34:15,489 [INFO] IPUIPlugin:74 - create IPUIPlugin
2023-11-29 15:34:15,489 [INFO] PluginManager:213 - loadIPPluginJar : add fmc
2023-11-29 15:34:15,511 [INFO] IPUIPlugin:74 - create IPUIPlugin
2023-11-29 15:34:15,512 [INFO] PluginManager:213 - loadIPPluginJar : add freertos
2023-11-29 15:34:15,557 [INFO] IPUIPlugin:74 - create IPUIPlugin
2023-11-29 15:34:15,558 [INFO] PluginManager:213 - loadIPPluginJar : add genericplugin
2023-11-29 15:34:15,691 [INFO] IPUIPlugin:74 - create IPUIPlugin
2023-11-29 15:34:15,692 [INFO] PluginManager:213 - loadIPPluginJar : add gfxmmu
2023-11-29 15:34:15,889 [INFO] IPUIPlugin:74 - create IPUIPlugin
2023-11-29 15:34:15,890 [INFO] PluginManager:213 - loadIPPluginJar : add gic
2023-11-29 15:34:15,908 [INFO] IPUIPlugin:74 - create IPUIPlugin
2023-11-29 15:34:15,908 [INFO] PluginManager:213 - loadIPPluginJar : add gpio
2023-11-29 15:34:16,021 [INFO] IPUIPlugin:74 - create IPUIPlugin
2023-11-29 15:34:16,022 [INFO] PluginManager:213 - loadIPPluginJar : add gtzc
2023-11-29 15:34:16,072 [INFO] IPUIPlugin:74 - create IPUIPlugin
2023-11-29 15:34:16,073 [INFO] PluginManager:213 - loadIPPluginJar : add hash
2023-11-29 15:34:16,155 [INFO] IPUIPlugin:74 - create IPUIPlugin
2023-11-29 15:34:16,155 [INFO] PluginManager:213 - loadIPPluginJar : add i2c
2023-11-29 15:34:16,220 [INFO] IPUIPlugin:74 - create IPUIPlugin
2023-11-29 15:34:16,221 [INFO] PluginManager:213 - loadIPPluginJar : add i2s
2023-11-29 15:34:16,237 [INFO] IPUIPlugin:74 - create IPUIPlugin
2023-11-29 15:34:16,238 [INFO] PluginManager:213 - loadIPPluginJar : add ipddr
2023-11-29 15:34:16,377 [INFO] IPUIPlugin:74 - create IPUIPlugin
2023-11-29 15:34:16,377 [INFO] PluginManager:213 - loadIPPluginJar : add linkedlist
2023-11-29 15:34:16,438 [INFO] IPUIPlugin:74 - create IPUIPlugin
2023-11-29 15:34:16,439 [INFO] PluginManager:213 - loadIPPluginJar : add lorawan
2023-11-29 15:34:16,498 [INFO] IPUIPlugin:74 - create IPUIPlugin
2023-11-29 15:34:16,498 [INFO] PluginManager:213 - loadIPPluginJar : add ltdc
2023-11-29 15:34:16,518 [INFO] IPUIPlugin:74 - create IPUIPlugin
2023-11-29 15:34:16,518 [INFO] PluginManager:213 - loadIPPluginJar : add mdma
2023-11-29 15:34:16,536 [INFO] IPUIPlugin:74 - create IPUIPlugin
2023-11-29 15:34:16,537 [INFO] PluginManager:213 - loadIPPluginJar : add nvic
2023-11-29 15:34:16,598 [INFO] IPUIPlugin:74 - create IPUIPlugin
2023-11-29 15:34:16,598 [INFO] PluginManager:213 - loadIPPluginJar : add opamp
2023-11-29 15:34:16,692 [INFO] IPUIPlugin:74 - create IPUIPlugin
2023-11-29 15:34:16,692 [INFO] PluginManager:213 - loadIPPluginJar : add openamp
2023-11-29 15:34:16,765 [INFO] IPUIPlugin:74 - create IPUIPlugin
2023-11-29 15:34:16,766 [INFO] PluginManager:213 - loadIPPluginJar : add pdm2pcm
2023-11-29 15:34:16,787 [INFO] IPUIPlugin:74 - create IPUIPlugin
2023-11-29 15:34:16,790 [INFO] PluginManager:213 - loadIPPluginJar : add plateformsettings
2023-11-29 15:34:16,836 [INFO] IPUIPlugin:74 - create IPUIPlugin
2023-11-29 15:34:16,836 [INFO] PluginManager:213 - loadIPPluginJar : add quadspi
2023-11-29 15:34:16,853 [INFO] IPUIPlugin:74 - create IPUIPlugin
2023-11-29 15:34:16,853 [INFO] PluginManager:213 - loadIPPluginJar : add resmgrutility
2023-11-29 15:34:16,933 [INFO] IPUIPlugin:74 - create IPUIPlugin
2023-11-29 15:34:16,933 [INFO] PluginManager:213 - loadIPPluginJar : add sai
2023-11-29 15:34:16,995 [INFO] IPUIPlugin:74 - create IPUIPlugin
2023-11-29 15:34:16,995 [INFO] PluginManager:213 - loadIPPluginJar : add spi
2023-11-29 15:34:17,081 [INFO] IPUIPlugin:74 - create IPUIPlugin
2023-11-29 15:34:17,082 [INFO] PluginManager:213 - loadIPPluginJar : add stm32_wpan
2023-11-29 15:34:17,114 [INFO] ThirdPartyUpdaterWithRetryManager:66 - Updater plugin not ready yet. [2/15]
2023-11-29 15:34:17,125 [INFO] IPUIPlugin:74 - create IPUIPlugin
2023-11-29 15:34:17,125 [INFO] PluginManager:213 - loadIPPluginJar : add tim
2023-11-29 15:34:17,219 [INFO] IPUIPlugin:74 - create IPUIPlugin
2023-11-29 15:34:17,219 [INFO] PluginManager:213 - loadIPPluginJar : add touchsensing
2023-11-29 15:34:17,260 [INFO] IPUIPlugin:74 - create IPUIPlugin
2023-11-29 15:34:17,260 [INFO] PluginManager:213 - loadIPPluginJar : add tracer_emb
2023-11-29 15:34:17,305 [INFO] IPUIPlugin:74 - create IPUIPlugin
2023-11-29 15:34:17,305 [INFO] PluginManager:213 - loadIPPluginJar : add ts
2023-11-29 15:34:17,346 [INFO] IPUIPlugin:74 - create IPUIPlugin
2023-11-29 15:34:17,348 [INFO] PluginManager:213 - loadIPPluginJar : add tsc
2023-11-29 15:34:17,387 [INFO] IPUIPlugin:74 - create IPUIPlugin
2023-11-29 15:34:17,388 [INFO] PluginManager:213 - loadIPPluginJar : add ucpd
2023-11-29 15:34:17,475 [INFO] IPUIPlugin:74 - create IPUIPlugin
2023-11-29 15:34:17,475 [INFO] PluginManager:213 - loadIPPluginJar : add usart
2023-11-29 15:34:17,555 [INFO] IPUIPlugin:74 - create IPUIPlugin
2023-11-29 15:34:17,556 [INFO] PluginManager:213 - loadIPPluginJar : add usbx
2023-11-29 15:34:17,925 [FATAL] Updater:294 - Updater called before beeing initialized
2023-11-29 15:34:18,073 [FATAL] Updater:294 - Updater called before beeing initialized
2023-11-29 15:34:18,086 [INFO] DbMcusAds:47 - JSON generation date=Tue Mar 07 15:50:55 ICT 2023 (1678179055335)
2023-11-29 15:34:18,087 [FATAL] Updater:294 - Updater called before beeing initialized
2023-11-29 15:34:18,188 [WARN] DetailPanel:314 - Failed to get advertising image, set to default
2023-11-29 15:34:18,316 [FATAL] Updater:294 - Updater called before beeing initialized
2023-11-29 15:34:18,320 [FATAL] Updater:294 - Updater called before beeing initialized
2023-11-29 15:34:18,321 [FATAL] Updater:294 - Updater called before beeing initialized
2023-11-29 15:34:18,321 [WARN] DetailPanel:314 - Failed to get advertising image, set to default
2023-11-29 15:34:18,322 [FATAL] Updater:294 - Updater called before beeing initialized
2023-11-29 15:34:18,403 [ERROR] Updater:1075 - MainUpdater not yet initialized. External WinMGr cannot be set.
2023-11-29 15:34:18,420 [INFO] Updater:1012 - Updater Version found : 6.3.0
2023-11-29 15:34:18,447 [INFO] ApplicationProperties:181 - Using Application install path: D:\STMCubeIDE\STM32CubeIDE_1.7.0\STM32CubeIDE\plugins\com.st.stm32cube.common.mx_6.3.0.202107141111
2023-11-29 15:34:18,887 [INFO] MainUpdater:2671 - connection check result : 10
2023-11-29 15:34:18,888 [INFO] MainUpdater:3359 - Updater definition file requires update
2023-11-29 15:34:18,889 [INFO] MainUpdater:265 - Updater Check For Update Now.
2023-11-29 15:34:18,889 [INFO] MicroXplorer:478 - Change Database Version : DB.6.0.30
2023-11-29 15:34:19,043 [INFO] ServerAccessManage:362 - Download File updaters.zip
2023-11-29 15:34:19,159 [INFO] FileExtend:235 - Unzip File : updaters.zip
2023-11-29 15:34:19,160 [INFO] FileExtend:250 - Standard Zip Deflate
2023-11-29 15:34:20,120 [WARN] MainUpdater:1122 - Updater busy. Cannot search thirdparties
2023-11-29 15:34:20,120 [INFO] ThirdPartyUpdaterWithRetryManager:92 - Updater plugin is busy. [1/15]
2023-11-29 15:34:20,710 [INFO] ServerAccessManage:362 - Download File PacksControlFlags.xml
2023-11-29 15:34:21,024 [INFO] ServerAccessManage:362 - Download File cubemx.pidx
2023-11-29 15:34:22,114 [INFO] ServerAccessManage:362 - Download File STMicroelectronics.X-CUBE-TOF1.pdsc
2023-11-29 15:34:23,125 [WARN] MainUpdater:1122 - Updater busy. Cannot search thirdparties
2023-11-29 15:34:23,125 [INFO] ThirdPartyUpdaterWithRetryManager:92 - Updater plugin is busy. [2/15]
2023-11-29 15:34:24,199 [ERROR] ServerAccessManage:974 - Problem, file not found on Server
2023-11-29 15:34:26,129 [WARN] MainUpdater:1122 - Updater busy. Cannot search thirdparties
2023-11-29 15:34:26,129 [INFO] ThirdPartyUpdaterWithRetryManager:92 - Updater plugin is busy. [3/15]
2023-11-29 15:34:26,305 [ERROR] ServerAccessManage:981 - Problem, Http access forbiden
2023-11-29 15:34:26,308 [ERROR] ServerAccessManage:531 - Problem, Http access forbiden : RoweBots.I-CUBE-UNISONRTOS.pdsc.
2023-11-29 15:34:26,714 [WARN] PopulateThirdPartyThread:100 - Error when creating pack: C:/Users/ACER/.stm32cubemx/thirdparties/pdsc/STMicroelectronics.X-CUBE-TOF1.pdsc
2023-11-29 15:34:26,714 [INFO] PopulateThirdPartyThread:60 - Ending populate Thread
2023-11-29 15:34:26,714 [INFO] LoadServerUpdatesThread:339 - End of LoadServerUpdate Thread
2023-11-29 15:34:26,906 [INFO] CheckServerUpdateThread:112 - End of CheckServer Thread
2023-11-29 15:34:26,997 [INFO] MainUpdater:2671 - connection check result : 10
2023-11-29 15:34:27,080 [INFO] McuFinderGlobals:52 - Set McuFinderConnectedMode to true
2023-11-29 15:34:27,389 [INFO] ServerAccessManage:362 - Download File mcusAds.json._tmp_
2023-11-29 15:34:27,530 [INFO] LoadUrlFilesThread:145 - End of LoadUrlFiles Thread
2023-11-29 15:34:28,457 [INFO] ServerAccessManage:362 - Download File mcusDocs.json._tmp_
2023-11-29 15:34:29,138 [WARN] MainUpdater:1122 - Updater busy. Cannot search thirdparties
2023-11-29 15:34:29,138 [INFO] ThirdPartyUpdaterWithRetryManager:92 - Updater plugin is busy. [4/15]
2023-11-29 15:34:29,331 [INFO] LoadUrlFilesThread:145 - End of LoadUrlFiles Thread
2023-11-29 15:34:29,588 [INFO] ServerAccessManage:362 - Download File mcusFeaturesAndDescription.json._tmp_
2023-11-29 15:34:32,152 [WARN] MainUpdater:1122 - Updater busy. Cannot search thirdparties
2023-11-29 15:34:32,152 [INFO] ThirdPartyUpdaterWithRetryManager:92 - Updater plugin is busy. [5/15]
2023-11-29 15:34:34,655 [INFO] LoadUrlFilesThread:145 - End of LoadUrlFiles Thread
2023-11-29 15:34:34,905 [INFO] ServerAccessManage:362 - Download File boardsDocs.json._tmp_
2023-11-29 15:34:35,052 [INFO] LoadUrlFilesThread:145 - End of LoadUrlFiles Thread
2023-11-29 15:34:35,156 [WARN] MainUpdater:1122 - Updater busy. Cannot search thirdparties
2023-11-29 15:34:35,156 [INFO] ThirdPartyUpdaterWithRetryManager:92 - Updater plugin is busy. [6/15]
2023-11-29 15:34:35,316 [INFO] ServerAccessManage:362 - Download File boards.json._tmp_
2023-11-29 15:34:35,823 [INFO] LoadUrlFilesThread:145 - End of LoadUrlFiles Thread
2023-11-29 15:34:35,985 [INFO] ServerAccessManage:362 - Download File cube-finder-db.zip
2023-11-29 15:34:38,167 [WARN] MainUpdater:1122 - Updater busy. Cannot search thirdparties
2023-11-29 15:34:38,167 [INFO] ThirdPartyUpdaterWithRetryManager:92 - Updater plugin is busy. [7/15]
2023-11-29 15:34:41,173 [WARN] MainUpdater:1122 - Updater busy. Cannot search thirdparties
2023-11-29 15:34:41,174 [INFO] ThirdPartyUpdaterWithRetryManager:92 - Updater plugin is busy. [8/15]
2023-11-29 15:34:44,180 [WARN] MainUpdater:1122 - Updater busy. Cannot search thirdparties
2023-11-29 15:34:44,180 [INFO] ThirdPartyUpdaterWithRetryManager:92 - Updater plugin is busy. [9/15]
2023-11-29 15:34:47,180 [WARN] MainUpdater:1122 - Updater busy. Cannot search thirdparties
2023-11-29 15:34:47,180 [INFO] ThirdPartyUpdaterWithRetryManager:92 - Updater plugin is busy. [10/15]
2023-11-29 15:34:50,183 [WARN] MainUpdater:1122 - Updater busy. Cannot search thirdparties
2023-11-29 15:34:50,183 [INFO] ThirdPartyUpdaterWithRetryManager:92 - Updater plugin is busy. [11/15]
2023-11-29 15:34:53,192 [WARN] MainUpdater:1122 - Updater busy. Cannot search thirdparties
2023-11-29 15:34:53,192 [INFO] ThirdPartyUpdaterWithRetryManager:92 - Updater plugin is busy. [12/15]
2023-11-29 15:34:54,169 [INFO] FileExtend:235 - Unzip File : cube-finder-db.zip
2023-11-29 15:34:54,170 [INFO] FileExtend:250 - Standard Zip Deflate
2023-11-29 15:34:55,672 [INFO] LoadUrlFilesThread:145 - End of LoadUrlFiles Thread
2023-11-29 15:34:56,197 [WARN] MainUpdater:1122 - Updater busy. Cannot search thirdparties
2023-11-29 15:34:56,198 [INFO] ThirdPartyUpdaterWithRetryManager:92 - Updater plugin is busy. [13/15]
2023-11-29 15:34:56,740 [INFO] ServerAccessManage:362 - Download File crdb.zip
2023-11-29 15:34:58,983 [INFO] FileExtend:235 - Unzip File : crdb.zip
2023-11-29 15:34:58,983 [INFO] FileExtend:250 - Standard Zip Deflate
2023-11-29 15:34:59,144 [INFO] LoadUrlFilesThread:145 - End of LoadUrlFiles Thread
2023-11-29 15:34:59,207 [WARN] MainUpdater:1122 - Updater busy. Cannot search thirdparties
2023-11-29 15:34:59,208 [INFO] ThirdPartyUpdaterWithRetryManager:92 - Updater plugin is busy. [14/15]
2023-11-29 15:34:59,425 [INFO] ServerAccessManage:362 - Download File tutoVideoDB.zip
2023-11-29 15:34:59,450 [INFO] FileExtend:235 - Unzip File : tutoVideoDB.zip
2023-11-29 15:34:59,451 [INFO] FileExtend:250 - Standard Zip Deflate
2023-11-29 15:34:59,595 [INFO] LoadUrlFilesThread:145 - End of LoadUrlFiles Thread
2023-11-29 15:34:59,598 [INFO] DbMcusAds:47 - JSON generation date=Tue Mar 07 15:50:55 ICT 2023 (1678179055114)
2023-11-29 15:34:59,627 [INFO] DbMcusDocs:143 - JSON generation date=Tue Nov 16 23:17:54 ICT 2021 (1637079474)
2023-11-29 15:34:59,629 [INFO] DbMcusXml:100 - Load MCU database from D:\STMCubeIDE\STM32CubeIDE_1.7.0\STM32CubeIDE\plugins\com.st.stm32cube.common.mx_6.3.0.202107141111\\db\/mcu/families.xml
2023-11-29 15:35:01,069 [INFO] DbMcusJson:93 - JSON generation date=Tue Nov 16 23:17:54 ICT 2021 (1637079474)
2023-11-29 15:35:02,253 [INFO] DbMcus:175 - Found 1951 MCUs (1903 are supported by CubeMX, 1914 are visible in CubeMX)
2023-11-29 15:35:02,254 [INFO] ApiDb:251 - Load user favorites file C:\Users\ACER/.stm32cubeide/favorites.mcus.txt: 0 item(s)
2023-11-29 15:35:02,255 [INFO] ApiDb:255 - User favorites MCUs=[]
2023-11-29 15:35:02,255 [INFO] DbMcus:187 - Set 0 / 0 favorites MCUs
2023-11-29 15:35:02,401 [ERROR] Engine:463 - C:\Users\ACER\.stm32cubemx\thirdparties\pdsc\STMicroelectronics.X-CUBE-SMBUS.2.1.0.pdsc: PDSC version is not supported
2023-11-29 15:35:02,502 [WARN] PackLoader:238 - Cannot read IP mode file for STMicroelectronics.X-CUBE-AZRTOS-F7.1.1.0
2023-11-29 15:35:02,523 [ERROR] Engine:463 - C:\Users\ACER\.stm32cubemx\thirdparties\pdsc\STMicroelectronics.FP-SNS-MOTENV1.4.3.2.pdsc: PDSC version is not supported
2023-11-29 15:35:02,526 [ERROR] Engine:463 - C:\Users\ACER\.stm32cubemx\thirdparties\pdsc\STMicroelectronics.FP-SNS-FLIGHT1.5.0.2.pdsc: PDSC version is not supported
2023-11-29 15:35:02,542 [ERROR] Engine:463 - C:\Users\ACER\.stm32cubemx\thirdparties\pdsc\STMicroelectronics.X-CUBE-DISPLAY.3.0.0.pdsc: PDSC version is not supported
2023-11-29 15:35:02,566 [WARN] PackLoader:238 - Cannot read IP mode file for STMicroelectronics.X-CUBE-BLE1.7.0.0
2023-11-29 15:35:02,579 [ERROR] Engine:463 - C:\Users\ACER\.stm32cubemx\thirdparties\pdsc\emotas.I-CUBE-CANOPEN.1.3.0.pdsc: PDSC version is not supported
2023-11-29 15:35:02,596 [WARN] PackLoader:238 - Cannot read IP mode file for STMicroelectronics.X-CUBE-TOUCHGFX.4.22.0
2023-11-29 15:35:02,611 [WARN] PackLoader:238 - Cannot read IP mode file for STMicroelectronics.X-CUBE-TOUCHGFX.4.22.1
2023-11-29 15:35:02,628 [ERROR] Engine:463 - C:\Users\ACER\.stm32cubemx\thirdparties\pdsc\STMicroelectronics.FP-SNS-SMARTAG2.1.2.0.pdsc: PDSC version is not supported
2023-11-29 15:35:02,661 [INFO] LogOutputStream:76 - [STDOUT_REDIRECT] 1 : Invalid condition id : UX_CORESTACK_Condition cause : null
2023-11-29 15:35:02,663 [INFO] LogOutputStream:76 - [STDOUT_REDIRECT] 1 : Invalid condition id : UX_CORESTACK_Condition cause : null
2023-11-29 15:35:02,665 [INFO] LogOutputStream:76 - [STDOUT_REDIRECT] 1 : Invalid condition id : UX_CORESTACK_Condition cause : null
2023-11-29 15:35:02,669 [INFO] LogOutputStream:76 - [STDOUT_REDIRECT] 1 : Invalid condition id : UX_CORESTACK_Condition cause : null
2023-11-29 15:35:02,670 [INFO] LogOutputStream:76 - [STDOUT_REDIRECT] 1 : Invalid condition id : UX_CORESTACK_Condition cause : null
2023-11-29 15:35:02,675 [WARN] PackLoader:238 - Cannot read IP mode file for STMicroelectronics.X-CUBE-AZRTOS-WL.2.0.0
2023-11-29 15:35:02,698 [WARN] PackLoader:238 - Cannot read IP mode file for WES.I-CUBE-Cesium.1.3.0
2023-11-29 15:35:02,715 [WARN] PackLoader:238 - Cannot read IP mode file for STMicroelectronics.X-CUBE-BLE2.3.3.0
2023-11-29 15:35:02,738 [WARN] PackLoader:238 - Cannot read IP mode file for STMicroelectronics.X-CUBE-ALGOBUILD.1.3.0
2023-11-29 15:35:02,783 [WARN] PackLoader:238 - Cannot read IP mode file for STMicroelectronics.X-CUBE-AZRTOS-G0.1.1.0
2023-11-29 15:35:02,808 [WARN] PackLoader:238 - Cannot read IP mode file for STMicroelectronics.X-CUBE-NFC4.3.0.0
2023-11-29 15:35:02,828 [ERROR] Engine:463 - C:\Users\ACER\.stm32cubemx\thirdparties\pdsc\STMicroelectronics.X-CUBE-BLEMGR.3.0.0.pdsc: PDSC version is not supported
2023-11-29 15:35:02,835 [WARN] PackLoader:238 - Cannot read IP mode file for STMicroelectronics.FP-ATR-SIGFOX1.3.2.0
2023-11-29 15:35:02,899 [WARN] PackLoader:238 - Cannot read IP mode file for SEGGER.I-CUBE-embOS.1.3.1
2023-11-29 15:35:03,027 [WARN] PackLoader:238 - Cannot read IP mode file for STMicroelectronics.X-CUBE-GNSS1.6.0.0
2023-11-29 15:35:03,078 [WARN] PackLoader:238 - Cannot read IP mode file for STMicroelectronics.X-CUBE-AZRTOS-F4.1.1.0
2023-11-29 15:35:03,105 [WARN] PackLoader:238 - Cannot read IP mode file for wolfSSL.I-CUBE-wolfSSL.5.6.3
2023-11-29 15:35:03,155 [WARN] PackLoader:238 - Cannot read IP mode file for STMicroelectronics.X-CUBE-AZRTOS-L5.2.0.0
2023-11-29 15:35:03,256 [WARN] PackLoader:238 - Cannot read IP mode file for STMicroelectronics.X-CUBE-MEMS1.9.6.0
2023-11-29 15:35:03,550 [WARN] PackLoader:238 - Cannot read IP mode file for STMicroelectronics.X-CUBE-EEPRMA1.4.2.0
2023-11-29 15:35:03,567 [ERROR] Engine:463 - C:\Users\ACER\.stm32cubemx\thirdparties\pdsc\ITTIA_DB.I-CUBE-ITTIADB.8.8.0.pdsc: PDSC version is not supported
2023-11-29 15:35:03,583 [INFO] DbMcusDocs:79 - Found 682 MCUs documents
2023-11-29 15:35:03,588 [INFO] ApiDb:276 - Save user favorites file C:\Users\ACER/.stm32cubeide/favorites.mcus.txt: 0 item(s)
2023-11-29 15:35:03,589 [INFO] ApiDb:280 - User favorites MCUs=[]
2023-11-29 15:35:03,589 [INFO] DbMcusXml:100 - Load MCU database from D:\STMCubeIDE\STM32CubeIDE_1.7.0\STM32CubeIDE\plugins\com.st.stm32cube.common.mx_6.3.0.202107141111\\db\/mcu/families.xml
2023-11-29 15:35:03,590 [WARN] PackLoader:238 - Cannot read IP mode file for STMicroelectronics.X-CUBE-BLEMGR.2.0.0
2023-11-29 15:35:03,637 [WARN] ConditionMgr:437 - getConditionDescription Invalid condition id : UX DEVICE CLASS RTOS Condition cause : null
2023-11-29 15:35:03,637 [WARN] ConditionMgr:437 - getConditionDescription Invalid condition id : UX DEVICE CLASS RTOS Condition cause : null
2023-11-29 15:35:03,642 [WARN] PackLoader:238 - Cannot read IP mode file for STMicroelectronics.X-CUBE-AZRTOS-H7.3.1.0
2023-11-29 15:35:03,643 [WARN] ConditionMgr:1038 - genDependencies : Invalid condition id : UX DEVICE CLASS RTOS Condition cause : null
2023-11-29 15:35:03,671 [WARN] ConditionMgr:1038 - genDependencies : Invalid condition id : UX DEVICE CLASS RTOS Condition cause : null
2023-11-29 15:35:03,672 [WARN] ConditionMgr:1038 - genDependencies : Invalid condition id : UX DEVICE CLASS RTOS Condition cause : null
2023-11-29 15:35:03,674 [WARN] ConditionMgr:1038 - genDependencies : Invalid condition id : UX DEVICE CLASS RTOS Condition cause : null
2023-11-29 15:35:03,674 [WARN] ConditionMgr:1038 - genDependencies : Invalid condition id : UX DEVICE CLASS RTOS Condition cause : null
2023-11-29 15:35:03,696 [WARN] PackLoader:238 - Cannot read IP mode file for STMicroelectronics.X-CUBE-NFC7.1.0.1
2023-11-29 15:35:03,723 [WARN] PackLoader:238 - Cannot read IP mode file for STMicroelectronics.X-CUBE-NFC6.3.0.0
2023-11-29 15:35:03,743 [WARN] PackLoader:238 - Cannot read IP mode file for STMicroelectronics.X-CUBE-EEPRMA1.4.1.0
2023-11-29 15:35:03,761 [WARN] PackLoader:238 - Cannot read IP mode file for STMicroelectronics.X-CUBE-AI.8.1.0
2023-11-29 15:35:03,806 [WARN] ConditionMgr:437 - getConditionDescription Invalid condition id : LAN8742 Phy interface Condition cause : null
2023-11-29 15:35:03,808 [WARN] PackLoader:238 - Cannot read IP mode file for STMicroelectronics.X-CUBE-AZRTOS-L4.2.0.0
2023-11-29 15:35:03,810 [WARN] ConditionMgr:1038 - genDependencies : Invalid condition id : LAN8742 Phy interface Condition cause : null
2023-11-29 15:35:03,810 [WARN] ConditionMgr:1038 - genDependencies : Invalid condition id : LAN8742 Phy interface Condition cause : null
2023-11-29 15:35:03,811 [WARN] ConditionMgr:1038 - genDependencies : Invalid condition id : LAN8742 Phy interface Condition cause : null
2023-11-29 15:35:03,830 [WARN] PackLoader:238 - Cannot read IP mode file for STMicroelectronics.X-CUBE-SFXS2LP1.4.0.0
2023-11-29 15:35:03,846 [WARN] PackLoader:238 - Cannot read IP mode file for STMicroelectronics.X-CUBE-ISPU.1.1.0
2023-11-29 15:35:03,879 [WARN] ConditionMgr:437 - getConditionDescription Invalid condition id : UX DEVICE CLASS RTOS Condition cause : null
2023-11-29 15:35:03,880 [WARN] ConditionMgr:437 - getConditionDescription Invalid condition id : UX DEVICE CLASS RTOS Condition cause : null
2023-11-29 15:35:03,886 [WARN] PackLoader:238 - Cannot read IP mode file for STMicroelectronics.X-CUBE-AZRTOS-WB.2.0.0
2023-11-29 15:35:03,887 [WARN] ConditionMgr:1038 - genDependencies : Invalid condition id : UX DEVICE CLASS RTOS Condition cause : null
2023-11-29 15:35:03,887 [WARN] ConditionMgr:1038 - genDependencies : Invalid condition id : UX DEVICE CLASS RTOS Condition cause : null
2023-11-29 15:35:03,889 [WARN] ConditionMgr:1038 - genDependencies : Invalid condition id : UX DEVICE CLASS RTOS Condition cause : null
2023-11-29 15:35:03,889 [WARN] ConditionMgr:1038 - genDependencies : Invalid condition id : UX DEVICE CLASS RTOS Condition cause : null
2023-11-29 15:35:03,889 [WARN] ConditionMgr:1038 - genDependencies : Invalid condition id : UX DEVICE CLASS RTOS Condition cause : null
2023-11-29 15:35:03,912 [WARN] PackLoader:238 - Cannot read IP mode file for STMicroelectronics.X-CUBE-SUBG2.5.0.0
2023-11-29 15:35:03,941 [ERROR] Engine:463 - C:\Users\ACER\.stm32cubemx\thirdparties\pdsc\STMicroelectronics.X-CUBE-TOF1.3.3.1.pdsc: PDSC version is not supported
2023-11-29 15:35:03,978 [WARN] PackLoader:238 - Cannot read IP mode file for STMicroelectronics.X-CUBE-AZRTOS-G4.2.0.0
2023-11-29 15:35:04,004 [ERROR] Engine:463 - C:\Users\ACER\.stm32cubemx\thirdparties\pdsc\Infineon.AIROC-Wi-Fi-Bluetooth-STM32.1.5.1.pdsc: PDSC version is not supported
2023-11-29 15:35:04,007 [ERROR] Engine:463 - C:\Users\ACER\.stm32cubemx\thirdparties\pdsc\STMicroelectronics.FP-SNS-MOTENVWB1.1.3.0.pdsc: PDSC version is not supported
2023-11-29 15:35:04,138 [WARN] PackLoader:238 - Cannot read IP mode file for STMicroelectronics.X-CUBE-MEMS1.10.0.0
2023-11-29 15:35:04,478 [ERROR] Engine:463 - C:\Users\ACER\.stm32cubemx\thirdparties\pdsc\STMicroelectronics.X-CUBE-FREERTOS.1.1.0.pdsc: PDSC version is not supported
2023-11-29 15:35:04,495 [WARN] PackLoader:238 - Cannot read IP mode file for portGmbH.I-Cube-SoM-uGOAL.1.1.0
2023-11-29 15:35:04,509 [WARN] PackLoader:238 - Cannot read IP mode file for STMicroelectronics.X-CUBE-ALS.1.0.1
2023-11-29 15:35:04,515 [WARN] PackLoader:238 - Cannot read IP mode file for STMicroelectronics.FP-ATR-ASTRA1.2.0.0
2023-11-29 15:35:04,524 [ERROR] Engine:463 - C:\Users\ACER\.stm32cubemx\thirdparties\pdsc\STMicroelectronics.X-CUBE-TOF1.3.4.0.pdsc: PDSC version is not supported
2023-11-29 15:35:04,525 [INFO] ThirdParty:915 - Integrity check success = true
2023-11-29 15:35:04,525 [INFO] IntegrityCheckThread:94 - exiting critical section [integrity check]
2023-11-29 15:35:04,525 [INFO] IntegrityCheckThread:97 - End integrity checks thread
2023-11-29 15:35:04,632 [INFO] DbMcusJson:93 - JSON generation date=Tue Nov 16 23:17:54 ICT 2021 (1637079474)
2023-11-29 15:35:05,547 [INFO] DbMcus:175 - Found 1951 MCUs (1903 are supported by CubeMX, 1914 are visible in CubeMX)
2023-11-29 15:35:05,548 [INFO] ApiDb:251 - Load user favorites file C:\Users\ACER/.stm32cubeide/favorites.mcus.txt: 0 item(s)
2023-11-29 15:35:05,548 [INFO] ApiDb:255 - User favorites MCUs=[]
2023-11-29 15:35:05,548 [INFO] DbMcus:187 - Set 0 / 0 favorites MCUs
2023-11-29 15:35:05,559 [INFO] DbBoardsDocs:143 - JSON generation date=Tue Nov 16 23:17:54 ICT 2021 (1637079474)
2023-11-29 15:35:05,582 [INFO] DbBoardsPdsc:90 - Found 25 items
2023-11-29 15:35:05,595 [INFO] DbBoardsPdsc:90 - Found 9 items
2023-11-29 15:35:05,611 [INFO] DbBoardsPdsc:90 - Found 33 items
2023-11-29 15:35:05,625 [INFO] DbBoardsPdsc:90 - Found 1 items
2023-11-29 15:35:05,676 [INFO] DbBoardsPdsc:90 - Found 48 items
2023-11-29 15:35:05,708 [INFO] DbBoardsPdsc:90 - Found 43 items
2023-11-29 15:35:05,727 [INFO] DbBoardsPdsc:90 - Found 2 items
2023-11-29 15:35:05,746 [INFO] DbBoardsPdsc:90 - Found 5 items
2023-11-29 15:35:05,757 [WARN] DbBoardsPdsc:254 - Board STM32H7B3I-DK: unknown feature type=Audio, name=, username=Audio stereo codec with Headphone Amp (CS42L51-CNZ), n=1
2023-11-29 15:35:05,758 [WARN] DbBoardsPdsc:254 - Board STM32H735G-DK: unknown feature type=Audio, name=, username=Audio stereo codec with Headphone Amp (WM8994ECS/R), n=1
2023-11-29 15:35:05,759 [WARN] DbBoardsPdsc:254 - Board STM32H7B3I-EVAL: unknown feature type=Audio, name=, username=Multi-Channel Audio Codec (CS42L51-CNZ), n=1
2023-11-29 15:35:05,759 [WARN] DbBoardsPdsc:254 - Board STM32H7B3I-EVAL: unknown feature type=Meter, name=, username=Power-metering and Temperature-monitoring with sigma-delta modulators, n=1
2023-11-29 15:35:05,759 [WARN] DbBoardsPdsc:254 - Board STM32H7B3I-EVAL: unknown feature type=Motor, name=, username=Motor Control, n=1
2023-11-29 15:35:05,760 [WARN] DbBoardsPdsc:254 - Board STM32U575I-EV: unknown feature type=joystick, name=, username=4-direction joystick with selection button, n=1
2023-11-29 15:35:05,796 [INFO] DbBoardsJson:86 - JSON generation date=Tue Nov 16 23:17:54 ICT 2021 (1637079474)
2023-11-29 15:35:05,809 [INFO] DbBoards:117 - Found 167 boards (163 are supported by CubeMX)
2023-11-29 15:35:05,813 [INFO] DbBoardsDocs:143 - JSON generation date=Tue Nov 16 23:17:54 ICT 2021 (1637079474)
2023-11-29 15:35:05,824 [INFO] DbBoardsDocs:79 - Found 209 boards documents
2023-11-29 15:35:05,839 [WARN] DbBoards:127 - board B-L475E-IOT01A2 has no document id list !
2023-11-29 15:35:05,841 [WARN] DbBoards:127 - board NUCLEO-H743ZI has no document id list !
2023-11-29 15:35:05,843 [WARN] DbBoards:127 - board NUCLEO-WL55JC2 has no document id list !
2023-11-29 15:35:05,844 [WARN] DbBoards:127 - board P-NUCLEO-WB55-Nucleo has no document id list !
2023-11-29 15:35:05,844 [WARN] DbBoards:127 - board P-NUCLEO-WB55-USBDongle has no document id list !
2023-11-29 15:35:05,844 [WARN] DbBoards:127 - board STEVAL-BFA001V1B has no document id list !
2023-11-29 15:35:05,844 [WARN] DbBoards:127 - board STEVAL-BFA001V2B has no document id list !
2023-11-29 15:35:05,844 [WARN] DbBoards:127 - board STEVAL-IDP005V1 has no document id list !
2023-11-29 15:35:05,844 [WARN] DbBoards:127 - board STEVAL-IDP005V2 has no document id list !
2023-11-29 15:35:05,844 [WARN] DbBoards:127 - board STEVAL-MKSBOX1V1 has no document id list !
2023-11-29 15:35:05,844 [WARN] DbBoards:127 - board STEVAL-STWINKT1 has no document id list !
2023-11-29 15:35:05,845 [WARN] DbBoards:127 - board STEVAL-STWINKT1B has no document id list !
2023-11-29 15:35:05,845 [WARN] DbBoards:127 - board STM32439I-EVAL2 has no document id list !
2023-11-29 15:35:05,845 [WARN] DbBoards:127 - board STM32F401C-DISCO has no document id list !
2023-11-29 15:35:05,845 [WARN] DbBoards:127 - board STM32F769I-DISC1 has no document id list !
2023-11-29 15:35:05,846 [WARN] DbBoards:127 - board STM32G474E-EVAL1 has no document id list !
2023-11-29 15:35:05,846 [WARN] DbBoards:127 - board STM32H743I-EVAL2 has no document id list !
2023-11-29 15:35:05,846 [WARN] DbBoards:127 - board STM32H747I-DISC1 has no document id list !
2023-11-29 15:35:05,846 [WARN] DbBoards:127 - board STM32H753I-EVAL2 has no document id list !
2023-11-29 15:35:05,847 [WARN] DbBoards:127 - board STM32L-DISCOVERY has no document id list !
2023-11-29 15:35:06,105 [ERROR] DbBoards:189 - Image file not found for board B-U585I-IOT02A: D:\STMCubeIDE\STM32CubeIDE_1.7.0\STM32CubeIDE\plugins\com.st.stm32cube.common.mx_6.3.0.202107141111\\db\/plugins/mcufinder/images/boards/B-U585I-IOT02A_small.jpg
2023-11-29 15:35:06,296 [ERROR] DbBoards:189 - Image file not found for board NUCLEO-F413ZH: D:\STMCubeIDE\STM32CubeIDE_1.7.0\STM32CubeIDE\plugins\com.st.stm32cube.common.mx_6.3.0.202107141111\\db\/plugins/mcufinder/images/boards/nucleo-f413zh_small.jpg
2023-11-29 15:35:06,579 [ERROR] DbBoards:189 - Image file not found for board NUCLEO-L552ZE-Q: D:\STMCubeIDE\STM32CubeIDE_1.7.0\STM32CubeIDE\plugins\com.st.stm32cube.common.mx_6.3.0.202107141111\\db\/plugins/mcufinder/images/boards/nucleo_l552ze_q_small.jpg
2023-11-29 15:35:06,579 [ERROR] DbBoards:189 - Image file not found for board NUCLEO-U575ZI-Q: D:\STMCubeIDE\STM32CubeIDE_1.7.0\STM32CubeIDE\plugins\com.st.stm32cube.common.mx_6.3.0.202107141111\\db\/plugins/mcufinder/images/boards/nucleo-u575zi-q_small.jpg
2023-11-29 15:35:06,579 [ERROR] DbBoards:189 - Image file not found for board NUCLEO-WB15CC: D:\STMCubeIDE\STM32CubeIDE_1.7.0\STM32CubeIDE\plugins\com.st.stm32cube.common.mx_6.3.0.202107141111\\db\/plugins/mcufinder/images/boards/nucleo-wb15cc_small.jpg
2023-11-29 15:35:06,579 [ERROR] DbBoards:189 - Image file not found for board NUCLEO-WB55RG: D:\STMCubeIDE\STM32CubeIDE_1.7.0\STM32CubeIDE\plugins\com.st.stm32cube.common.mx_6.3.0.202107141111\\db\/plugins/mcufinder/images/boards/nucleo-wb55rg_small.jpg
2023-11-29 15:35:09,292 [INFO] ApiDb:251 - Load user favorites file C:\Users\ACER/.stm32cubeide/favorites.boards.txt: 0 item(s)
2023-11-29 15:35:09,293 [INFO] ApiDb:255 - User favorites Boards=[]
2023-11-29 15:35:09,293 [INFO] DbBoards:206 - Set 0 / 0 favorites Boards
2023-11-29 15:35:09,297 [INFO] DbBoardsDocs:79 - Found 418 boards documents
2023-11-29 15:35:09,298 [INFO] ApiDb:276 - Save user favorites file C:\Users\ACER/.stm32cubeide/favorites.boards.txt: 0 item(s)
2023-11-29 15:35:09,298 [INFO] ApiDb:280 - User favorites Boards=[]
2023-11-29 15:35:09,303 [INFO] DbBoardsPdsc:90 - Found 25 items
2023-11-29 15:35:09,308 [INFO] DbBoardsPdsc:90 - Found 9 items
2023-11-29 15:35:09,311 [INFO] DbBoardsPdsc:90 - Found 33 items
2023-11-29 15:35:09,312 [INFO] DbBoardsPdsc:90 - Found 1 items
2023-11-29 15:35:09,320 [INFO] DbBoardsPdsc:90 - Found 48 items
2023-11-29 15:35:09,330 [INFO] DbBoardsPdsc:90 - Found 43 items
2023-11-29 15:35:09,331 [INFO] DbBoardsPdsc:90 - Found 2 items
2023-11-29 15:35:09,333 [INFO] DbBoardsPdsc:90 - Found 5 items
2023-11-29 15:35:09,340 [WARN] DbBoardsPdsc:254 - Board STM32H7B3I-DK: unknown feature type=Audio, name=, username=Audio stereo codec with Headphone Amp (CS42L51-CNZ), n=1
2023-11-29 15:35:09,341 [WARN] DbBoardsPdsc:254 - Board STM32H735G-DK: unknown feature type=Audio, name=, username=Audio stereo codec with Headphone Amp (WM8994ECS/R), n=1
2023-11-29 15:35:09,344 [WARN] DbBoardsPdsc:254 - Board STM32H7B3I-EVAL: unknown feature type=Audio, name=, username=Multi-Channel Audio Codec (CS42L51-CNZ), n=1
2023-11-29 15:35:09,344 [WARN] DbBoardsPdsc:254 - Board STM32H7B3I-EVAL: unknown feature type=Meter, name=, username=Power-metering and Temperature-monitoring with sigma-delta modulators, n=1
2023-11-29 15:35:09,344 [WARN] DbBoardsPdsc:254 - Board STM32H7B3I-EVAL: unknown feature type=Motor, name=, username=Motor Control, n=1
2023-11-29 15:35:09,345 [WARN] DbBoardsPdsc:254 - Board STM32U575I-EV: unknown feature type=joystick, name=, username=4-direction joystick with selection button, n=1
2023-11-29 15:35:09,377 [INFO] DbBoardsJson:86 - JSON generation date=Tue Nov 16 23:17:54 ICT 2021 (1637079474)
2023-11-29 15:35:09,385 [INFO] DbBoards:117 - Found 167 boards (163 are supported by CubeMX)
2023-11-29 15:35:09,387 [WARN] DbBoards:127 - board B-L475E-IOT01A2 has no document id list !
2023-11-29 15:35:09,388 [WARN] DbBoards:127 - board NUCLEO-H743ZI has no document id list !
2023-11-29 15:35:09,390 [WARN] DbBoards:127 - board NUCLEO-WL55JC2 has no document id list !
2023-11-29 15:35:09,391 [WARN] DbBoards:127 - board P-NUCLEO-WB55-Nucleo has no document id list !
2023-11-29 15:35:09,391 [WARN] DbBoards:127 - board P-NUCLEO-WB55-USBDongle has no document id list !
2023-11-29 15:35:09,391 [WARN] DbBoards:127 - board STEVAL-BFA001V1B has no document id list !
2023-11-29 15:35:09,391 [WARN] DbBoards:127 - board STEVAL-BFA001V2B has no document id list !
2023-11-29 15:35:09,391 [WARN] DbBoards:127 - board STEVAL-IDP005V1 has no document id list !
2023-11-29 15:35:09,391 [WARN] DbBoards:127 - board STEVAL-IDP005V2 has no document id list !
2023-11-29 15:35:09,392 [WARN] DbBoards:127 - board STEVAL-MKSBOX1V1 has no document id list !
2023-11-29 15:35:09,392 [WARN] DbBoards:127 - board STEVAL-STWINKT1 has no document id list !
2023-11-29 15:35:09,392 [WARN] DbBoards:127 - board STEVAL-STWINKT1B has no document id list !
2023-11-29 15:35:09,392 [WARN] DbBoards:127 - board STM32439I-EVAL2 has no document id list !
2023-11-29 15:35:09,392 [WARN] DbBoards:127 - board STM32F401C-DISCO has no document id list !
2023-11-29 15:35:09,392 [WARN] DbBoards:127 - board STM32F769I-DISC1 has no document id list !
2023-11-29 15:35:09,392 [WARN] DbBoards:127 - board STM32G474E-EVAL1 has no document id list !
2023-11-29 15:35:09,392 [WARN] DbBoards:127 - board STM32H743I-EVAL2 has no document id list !
2023-11-29 15:35:09,392 [WARN] DbBoards:127 - board STM32H747I-DISC1 has no document id list !
2023-11-29 15:35:09,392 [WARN] DbBoards:127 - board STM32H753I-EVAL2 has no document id list !
2023-11-29 15:35:09,393 [WARN] DbBoards:127 - board STM32L-DISCOVERY has no document id list !
2023-11-29 15:35:09,520 [ERROR] DbBoards:189 - Image file not found for board B-U585I-IOT02A: D:\STMCubeIDE\STM32CubeIDE_1.7.0\STM32CubeIDE\plugins\com.st.stm32cube.common.mx_6.3.0.202107141111\\db\/plugins/mcufinder/images/boards/B-U585I-IOT02A_small.jpg
2023-11-29 15:35:09,655 [ERROR] DbBoards:189 - Image file not found for board NUCLEO-F413ZH: D:\STMCubeIDE\STM32CubeIDE_1.7.0\STM32CubeIDE\plugins\com.st.stm32cube.common.mx_6.3.0.202107141111\\db\/plugins/mcufinder/images/boards/nucleo-f413zh_small.jpg
2023-11-29 15:35:09,960 [ERROR] DbBoards:189 - Image file not found for board NUCLEO-L552ZE-Q: D:\STMCubeIDE\STM32CubeIDE_1.7.0\STM32CubeIDE\plugins\com.st.stm32cube.common.mx_6.3.0.202107141111\\db\/plugins/mcufinder/images/boards/nucleo_l552ze_q_small.jpg
2023-11-29 15:35:09,961 [ERROR] DbBoards:189 - Image file not found for board NUCLEO-U575ZI-Q: D:\STMCubeIDE\STM32CubeIDE_1.7.0\STM32CubeIDE\plugins\com.st.stm32cube.common.mx_6.3.0.202107141111\\db\/plugins/mcufinder/images/boards/nucleo-u575zi-q_small.jpg
2023-11-29 15:35:09,961 [ERROR] DbBoards:189 - Image file not found for board NUCLEO-WB15CC: D:\STMCubeIDE\STM32CubeIDE_1.7.0\STM32CubeIDE\plugins\com.st.stm32cube.common.mx_6.3.0.202107141111\\db\/plugins/mcufinder/images/boards/nucleo-wb15cc_small.jpg
2023-11-29 15:35:09,961 [ERROR] DbBoards:189 - Image file not found for board NUCLEO-WB55RG: D:\STMCubeIDE\STM32CubeIDE_1.7.0\STM32CubeIDE\plugins\com.st.stm32cube.common.mx_6.3.0.202107141111\\db\/plugins/mcufinder/images/boards/nucleo-wb55rg_small.jpg
2023-11-29 15:35:11,245 [INFO] ApiDb:251 - Load user favorites file C:\Users\ACER/.stm32cubeide/favorites.boards.txt: 0 item(s)
2023-11-29 15:35:11,245 [INFO] ApiDb:255 - User favorites Boards=[]
2023-11-29 15:35:11,246 [INFO] DbBoards:206 - Set 0 / 0 favorites Boards
2023-11-29 15:35:11,261 [INFO] LoadUrlFilesThread:172 - End of LoadServerUrlFiles without Thread
2023-11-29 15:35:11,261 [INFO] TargetSelectorAdapter:224 - Refresh data is successful
2023-11-29 15:35:11,425 [INFO] ApiDb:479 - Connected to CubeFinder SQLite database (C:\Users\ACER\.stmcufinder\plugins\mcufinder\mcu\cube-finder-db.db)
2023-11-29 15:35:13,745 [ERROR] DbExamplesSqlite:446 - Missing JSON key: board_cpn
2023-11-29 15:35:13,746 [ERROR] DbExamplesSqlite:446 - Missing JSON key: board_cpn
2023-11-29 15:35:13,746 [ERROR] DbExamplesSqlite:446 - Missing JSON key: board_cpn
2023-11-29 15:35:13,746 [ERROR] DbExamplesSqlite:446 - Missing JSON key: board_cpn
2023-11-29 15:35:13,882 [INFO] DbExamplesSqlite:411 - Ignored 55 examples not supported by CubeIDE
2023-11-29 15:35:13,882 [INFO] DbExamplesSqlite:412 - Found 7548 examples active
2023-11-29 15:35:13,882 [INFO] DbExamplesSqlite:413 - Found 848 examples obsolete
2023-11-29 15:35:13,883 [INFO] DbExamplesSqlite:414 - Found 0 examples under development
2023-11-29 15:35:13,883 [INFO] DbExamplesSqlite:415 - Found 8 examples not building
2023-11-29 15:35:14,059 [INFO] DbExamplesSqlite:108 - CubeFinder database Data Model version=2.1
2023-11-29 15:35:14,060 [INFO] DbExamplesSqlite:109 - CubeFinder database Configuration version=3.0.39
2023-11-29 15:35:14,060 [INFO] DbExamplesSqlite:110 - CubeFinder database generation date=2023-11-06 (1699269565)
2023-11-29 15:35:14,060 [INFO] DbExamplesSqlite:111 - CubeFinder database FW Pack versions=[FP-ATR-ASTRA1_V2.0.0, FP-SNS-FLIGHT1_V5.0.1, FP-SNS-FLIGHT1_V5.0.2, FP-SNS-MOTENV1_V4.3.1, FP-SNS-MOTENV1_V4.3.2, FP-SNS-MOTENVWB1_V1.3.0, FP-SNS-SMARTAG2_V1.2.0, STM32Cube_FW_C0_V1.1.0, STM32Cube_FW_F4_V1.28.0, STM32Cube_FW_F7_V1.17.0, STM32Cube_FW_G0_V1.6.1, STM32Cube_FW_G4_V1.5.1, STM32Cube_FW_H5_V0.5.1, STM32Cube_FW_H5_V1.1.1, STM32Cube_FW_H5_V1.2.0RC2, STM32Cube_FW_H7_V1.11.0, STM32Cube_FW_L0_V1.12.2, STM32Cube_FW_L5_V1.5.0, STM32Cube_FW_U5_V1.3.0RC4, STM32Cube_FW_U5_V1.4.0, STM32Cube_FW_WBA_V1.0.0RC1, STM32Cube_FW_WBA_V1.1.0RC1, STM32Cube_FW_WBA_V1.2.0, STM32Cube_FW_WBA_V1.2.0RC2, STM32Cube_FW_WB_V1.15.0RC1, STM32Cube_FW_WB_V1.16.0, STM32Cube_FW_WB_V1.16.0RC2, STM32Cube_FW_WB_V1.18.0, STM32Cube_FW_WL_V1.3.0, X-CUBE-ALGOBUILD_V1.3.0, X-CUBE-ALS_V1.0.1, X-CUBE-AZRTOS-F4_V1.1.0, X-CUBE-AZRTOS-F7_V1.1.0, X-CUBE-AZRTOS-G0_V1.1.0, X-CUBE-AZRTOS-G4_V2.0.0, X-CUBE-AZRTOS-H7_V3.1.0, X-CUBE-AZRTOS-L4_V1.0.0, X-CUBE-AZRTOS-L4_V2.0.0, X-CUBE-AZRTOS-L5_V1.1.0, X-CUBE-AZRTOS-WB_V2.0.0, X-CUBE-AZRTOS-WL_V2.0.0, X-CUBE-BLE1_V7.0.0, X-CUBE-BLE2_V3.3.0, X-CUBE-BLEMGR_V2.0.0, X-CUBE-EEPRMA1_V4.1.0, X-CUBE-EEPRMA1_V4.2.0, X-CUBE-FREERTOS_V1.1.0, X-CUBE-GNSS1_V6.0.0, X-CUBE-MEMS1_V10.0.0, X-CUBE-MEMS1_V9.1.0, X-CUBE-MEMS1_V9.4.0, X-CUBE-MEMS1_V9.6.0, X-CUBE-NFC4_V3.0.0, X-CUBE-NFC7_V1.0.1, X-CUBE-SFXS2LP1_V4.0.0, X-CUBE-SUBG2_V5.0.0, X-CUBE-TOF1_V3.3.1]
2023-11-29 15:35:14,062 [INFO] DbExamples:130 - Found 7501 examples
2023-11-29 15:35:15,522 [ERROR] DbExamples:206 - Found 7501 examples with invalid data (board or MCU)
2023-11-29 15:35:15,523 [INFO] DbExamples:222 - Found 79 boards with related examples
2023-11-29 15:35:15,525 [INFO] DbExamples:235 - Found 0 MCUs with related examples
2023-11-29 15:35:15,561 [INFO] ApiDb:242 - User favorites file not found: C:\Users\ACER/.stm32cubeide/favorites.examples.txt
2023-11-29 15:35:15,561 [INFO] DbExamples:256 - Set 0 / 0 favorites Examples
2023-11-29 15:35:16,247 [INFO] McuFinderGlobals:52 - Set McuFinderConnectedMode to false
2023-11-29 15:35:16,415 [INFO] CrossSelectorPresenter:1330 - Cross Selector saved comparison directory: C:\Users\ACER\.stmcufinder\plugins\mcufinder\mcu\cs_comparisons_mx
2023-11-29 15:35:16,423 [INFO] MultiScanPanel:197 - Auto-refresh data requested => check proxy status ongoing
2023-11-29 15:35:16,423 [INFO] MultiScanPanel:201 - Proxy status is invalid
2023-11-29 15:35:16,425 [INFO] FinderPluginLoader:87 - Searching for filters in installed packs
2023-11-29 15:35:17,461 [INFO] DetailPanel:309 - Set advertising image to C:/Users/ACER/STM32Cube/Repository/\en.prom-stm32h5-mcu-finder.jpg
2023-11-29 15:36:09,672 [INFO] MainUpdater:2671 - connection check result : 10
2023-11-29 15:36:09,673 [INFO] MainUpdater:2671 - connection check result : 10
2023-11-29 15:36:09,842 [INFO] MicroXplorer:448 - Change Database Path : 
2023-11-29 15:36:09,843 [INFO] MicroXplorer:478 - Change Database Version : DB.6.0.30
2023-11-29 15:36:09,845 [WARN] ThirdParty:813 - waiting for thirdparty lock release [close project]
2023-11-29 15:36:09,845 [INFO] ThirdParty:815 - entering critical section [close project]
2023-11-29 15:36:09,847 [INFO] ThirdParty:825 - exiting critical section [close project]
2023-11-29 15:36:09,851 [INFO] PinOutPanel:1463 - setPackage(No Configuration,No Configuration)
2023-11-29 15:36:09,852 [INFO] UtilMem:74 - Begin LoadConfig() Used Memory: 871112120 Bytes (1073741824)
2023-11-29 15:36:09,853 [INFO] MicroXplorer:448 - Change Database Path : 
2023-11-29 15:36:09,853 [INFO] MicroXplorer:478 - Change Database Version : DB.6.0.30
2023-11-29 15:36:09,854 [INFO] OpenFileManager:313 - Change cursor
2023-11-29 15:36:10,835 [INFO] Context:592 - Trying to add GPIOservice into a context  which must be forbidden
2023-11-29 15:36:11,111 [INFO] ImportTextPane:167 - (OptionalMessage_ERROR) Unable to find key (Mcu.ThirdPartyNb) in loaded IOC file
2023-11-29 15:36:11,112 [INFO] ImportTextPane:167 - (OptionalMessage_ERROR) Unable to find key (Mcu.PinsNb) in loaded IOC file
2023-11-29 15:36:11,112 [INFO] ImportTextPane:167 - (OptionalMessage_ERROR) Unable to find key (Mcu.IPNb) in loaded IOC file
2023-11-29 15:36:11,209 [WARN] ApiManager:304 - Cannot register API 'Board Extension:GNSS1A1' from pack STMicroelectronics.X-CUBE-GNSS1.6.0.0: no header file found
2023-11-29 15:36:11,210 [WARN] ApiManager:304 - Cannot register API 'Board Support:Custom' from pack STMicroelectronics.X-CUBE-GNSS1.6.0.0: no header file found
2023-11-29 15:36:11,210 [WARN] ApiManager:304 - Cannot register API 'Data Exchange:lib_gnss' from pack STMicroelectronics.X-CUBE-GNSS1.6.0.0: no header file found
2023-11-29 15:36:11,523 [WARN] ApiManager:304 - Cannot register API 'Board Extension:IKS01A3' from pack STMicroelectronics.X-CUBE-MEMS1.9.6.0: no header file found
2023-11-29 15:36:11,523 [WARN] ApiManager:304 - Cannot register API 'Board Extension:IKS01A2' from pack STMicroelectronics.X-CUBE-MEMS1.9.6.0: no header file found
2023-11-29 15:36:11,523 [WARN] ApiManager:304 - Cannot register API 'Board Extension:IKS02A1' from pack STMicroelectronics.X-CUBE-MEMS1.9.6.0: no header file found
2023-11-29 15:36:11,530 [WARN] ApiManager:304 - Cannot register API 'Board Extension:EEPRMA2' from pack STMicroelectronics.X-CUBE-EEPRMA1.4.2.0: no header file found
2023-11-29 15:36:11,531 [WARN] ApiManager:304 - Cannot register API 'Board Extension:PGEEZ1' from pack STMicroelectronics.X-CUBE-EEPRMA1.4.2.0: no header file found
2023-11-29 15:36:11,531 [WARN] ApiManager:304 - Cannot register API 'Board Part:M24' from pack STMicroelectronics.X-CUBE-EEPRMA1.4.2.0: no header file found
2023-11-29 15:36:11,531 [WARN] ApiManager:304 - Cannot register API 'Board Part:M95' from pack STMicroelectronics.X-CUBE-EEPRMA1.4.2.0: no header file found
2023-11-29 15:36:11,531 [WARN] ApiManager:304 - Cannot register API 'Board Part:M95P32' from pack STMicroelectronics.X-CUBE-EEPRMA1.4.2.0: no header file found
2023-11-29 15:36:11,531 [WARN] ApiManager:304 - Cannot register API 'PGEEZ1:SPI' from pack STMicroelectronics.X-CUBE-EEPRMA1.4.2.0: no header file found
2023-11-29 15:36:11,531 [WARN] ApiManager:304 - Cannot register API 'PGEEZ1:QDSPI' from pack STMicroelectronics.X-CUBE-EEPRMA1.4.2.0: no header file found
2023-11-29 15:36:11,533 [INFO] RtosManager:484 - Registered RTOS mode: class=CMSIS, group=RTOS, mode=CMSIS_V1, owner=FREERTOS
2023-11-29 15:36:11,533 [INFO] RtosManager:484 - Registered RTOS mode: class=CMSIS, group=RTOS2, mode=CMSIS_V2, owner=FREERTOS
2023-11-29 15:36:11,533 [INFO] RtosManager:484 - Registered RTOS mode: class=RTOS, group=Core, mode=CMSIS_V1, owner=FREERTOS
2023-11-29 15:36:11,533 [INFO] RtosManager:484 - Registered RTOS mode: class=RTOS, group=Core, mode=CMSIS_V2, owner=FREERTOS
2023-11-29 15:36:11,533 [WARN] ModelIntegratedComponent:181 - Missing modes for component STMicroelectronics:FreeRTOS:0.0.1:STMicroelectronics:RTOS:FreeRTOS:Core:::10.2.0:
2023-11-29 15:36:11,536 [WARN] ApiManager:304 - Cannot register API 'Board Extension:NFC04A1' from pack STMicroelectronics.X-CUBE-NFC4.3.0.0: no header file found
2023-11-29 15:36:11,540 [WARN] ApiManager:304 - Cannot register API 'Board Extension:S2868A1' from pack STMicroelectronics.X-CUBE-SUBG2.5.0.0: no header file found
2023-11-29 15:36:11,540 [WARN] ApiManager:304 - Cannot register API 'Board Extension:S2868A2' from pack STMicroelectronics.X-CUBE-SUBG2.5.0.0: no header file found
2023-11-29 15:36:11,540 [WARN] ApiManager:304 - Cannot register API 'Board Extension:S2915A1' from pack STMicroelectronics.X-CUBE-SUBG2.5.0.0: no header file found
2023-11-29 15:36:11,544 [WARN] ApiManager:304 - Cannot register API 'Wireless:BlueNRG-MS' from pack STMicroelectronics.X-CUBE-BLE1.7.0.0: no header file found
2023-11-29 15:36:11,545 [WARN] ModelIntegratedComponent:60 - No mode defined for component null
2023-11-29 15:36:11,545 [WARN] ModelIntegratedComponent:60 - No mode defined for component null
2023-11-29 15:36:11,545 [WARN] ModelIntegratedComponent:60 - No mode defined for component null
2023-11-29 15:36:11,545 [WARN] ModelIntegratedComponent:60 - No mode defined for component null
2023-11-29 15:36:11,545 [WARN] ModelIntegratedComponent:60 - No mode defined for component null
2023-11-29 15:36:11,545 [WARN] ModelIntegratedComponent:60 - No mode defined for component null
2023-11-29 15:36:11,545 [WARN] ModelIntegratedComponent:60 - No mode defined for component null
2023-11-29 15:36:11,546 [WARN] ModelIntegratedComponent:60 - No mode defined for component null
2023-11-29 15:36:11,546 [WARN] ModelIntegratedComponent:60 - No mode defined for component null
2023-11-29 15:36:11,546 [WARN] ModelIntegratedComponent:60 - No mode defined for component null
2023-11-29 15:36:11,546 [WARN] ModelIntegratedComponent:60 - No mode defined for component null
2023-11-29 15:36:11,546 [WARN] ModelIntegratedComponent:60 - No mode defined for component null
2023-11-29 15:36:11,546 [WARN] ModelIntegratedComponent:60 - No mode defined for component null
2023-11-29 15:36:11,546 [WARN] ModelIntegratedComponent:60 - No mode defined for component null
2023-11-29 15:36:11,546 [WARN] ModelIntegratedComponent:60 - No mode defined for component null
2023-11-29 15:36:11,546 [WARN] ModelIntegratedComponent:60 - No mode defined for component null
2023-11-29 15:36:11,546 [WARN] ModelIntegratedComponent:60 - No mode defined for component null
2023-11-29 15:36:11,546 [WARN] ModelIntegratedComponent:60 - No mode defined for component null
2023-11-29 15:36:11,547 [WARN] ModelIntegratedComponent:60 - No mode defined for component null
2023-11-29 15:36:11,547 [WARN] ModelIntegratedComponent:60 - No mode defined for component null
2023-11-29 15:36:11,547 [WARN] ModelIntegratedComponent:60 - No mode defined for component null
2023-11-29 15:36:11,547 [WARN] ModelIntegratedComponent:60 - No mode defined for component null
2023-11-29 15:36:11,547 [WARN] ModelIntegratedComponent:60 - No mode defined for component null
2023-11-29 15:36:11,547 [WARN] ModelIntegratedComponent:60 - No mode defined for component null
2023-11-29 15:36:11,547 [WARN] ModelIntegratedComponent:60 - No mode defined for component null
2023-11-29 15:36:11,547 [WARN] ModelIntegratedComponent:60 - No mode defined for component null
2023-11-29 15:36:11,547 [WARN] ModelIntegratedComponent:60 - No mode defined for component null
2023-11-29 15:36:11,547 [WARN] ModelIntegratedComponent:60 - No mode defined for component null
2023-11-29 15:36:11,547 [WARN] ModelIntegratedComponent:60 - No mode defined for component null
2023-11-29 15:36:11,548 [WARN] ModelIntegratedComponent:60 - No mode defined for component null
2023-11-29 15:36:11,548 [WARN] ModelIntegratedComponent:60 - No mode defined for component null
2023-11-29 15:36:11,776 [WARN] ApiManager:304 - Cannot register API 'Board Extension:IKS01A3' from pack STMicroelectronics.X-CUBE-MEMS1.10.0.0: no header file found
2023-11-29 15:36:11,776 [WARN] ApiManager:304 - Cannot register API 'Board Extension:IKS02A1' from pack STMicroelectronics.X-CUBE-MEMS1.10.0.0: no header file found
2023-11-29 15:36:11,776 [WARN] ApiManager:304 - Cannot register API 'Board Extension:IKS4A1' from pack STMicroelectronics.X-CUBE-MEMS1.10.0.0: no header file found
2023-11-29 15:36:11,783 [WARN] ApiManager:304 - Cannot register API 'Board Extension:NFC07A1' from pack STMicroelectronics.X-CUBE-NFC7.1.0.1: no header file found
2023-11-29 15:36:11,783 [WARN] ApiManager:304 - Cannot register API 'Board Extension:NFC06A1' from pack STMicroelectronics.X-CUBE-NFC6.3.0.0: no header file found
2023-11-29 15:36:11,783 [WARN] ApiManager:304 - Cannot register API 'Board Extension:NFC08A1' from pack STMicroelectronics.X-CUBE-NFC6.3.0.0: no header file found
2023-11-29 15:36:11,785 [WARN] ApiManager:304 - Cannot register API 'Board Extension:EEPRMA1' from pack STMicroelectronics.X-CUBE-EEPRMA1.4.1.0: no header file found
2023-11-29 15:36:11,785 [WARN] ApiManager:304 - Cannot register API 'Board Extension:EEPRMA2' from pack STMicroelectronics.X-CUBE-EEPRMA1.4.1.0: no header file found
2023-11-29 15:36:11,785 [WARN] ApiManager:304 - Cannot register API 'Board Extension:PGEEZ1' from pack STMicroelectronics.X-CUBE-EEPRMA1.4.1.0: no header file found
2023-11-29 15:36:11,785 [WARN] ApiManager:304 - Cannot register API 'Board Part:M24' from pack STMicroelectronics.X-CUBE-EEPRMA1.4.1.0: no header file found
2023-11-29 15:36:11,786 [WARN] ApiManager:304 - Cannot register API 'Board Part:M95' from pack STMicroelectronics.X-CUBE-EEPRMA1.4.1.0: no header file found
2023-11-29 15:36:11,786 [WARN] ApiManager:304 - Cannot register API 'Board Part:M95P32' from pack STMicroelectronics.X-CUBE-EEPRMA1.4.1.0: no header file found
2023-11-29 15:36:11,786 [WARN] ApiManager:304 - Cannot register API 'PGEEZ1:SPI' from pack STMicroelectronics.X-CUBE-EEPRMA1.4.1.0: no header file found
2023-11-29 15:36:11,786 [WARN] ApiManager:304 - Cannot register API 'PGEEZ1:QDSPI' from pack STMicroelectronics.X-CUBE-EEPRMA1.4.1.0: no header file found
2023-11-29 15:36:11,794 [WARN] ApiManager:304 - Cannot register API 'Board Extension:S2868A1' from pack STMicroelectronics.X-CUBE-SFXS2LP1.4.0.0: no header file found
2023-11-29 15:36:11,794 [WARN] ApiManager:304 - Cannot register API 'Board Extension:S2868A2' from pack STMicroelectronics.X-CUBE-SFXS2LP1.4.0.0: no header file found
2023-11-29 15:36:11,794 [WARN] ApiManager:304 - Cannot register API 'Board Extension:S2915A1' from pack STMicroelectronics.X-CUBE-SFXS2LP1.4.0.0: no header file found
2023-11-29 15:36:11,795 [WARN] ApiManager:304 - Cannot register API 'Wireless:BlueNRG-2' from pack STMicroelectronics.X-CUBE-BLE2.3.3.0: no header file found
2023-11-29 15:36:15,274 [INFO] UtilMem:74 - End LoadConfig() Used Memory: 831845408 Bytes (1073741824)
2023-11-29 15:36:15,291 [WARN] ThirdParty:779 - waiting for thirdparty lock release [change project]
2023-11-29 15:36:15,291 [INFO] ThirdParty:781 - entering critical section [change project]
2023-11-29 15:36:15,292 [INFO] ThirdParty:967 - CMSIS Pack Vendor :STMicroelectronics X-CUBE-ISPU 1.1.0
2023-11-29 15:36:15,292 [INFO] ThirdParty:967 - CMSIS Pack Vendor :STMicroelectronics X-CUBE-GNSS1 6.0.0
2023-11-29 15:36:15,292 [INFO] ThirdParty:967 - CMSIS Pack Vendor :STMicroelectronics USB_HOST 2.0.0
2023-11-29 15:36:15,292 [INFO] ThirdParty:967 - CMSIS Pack Vendor :STMicroelectronics X-CUBE-AZRTOS-F4 1.1.0
2023-11-29 15:36:15,292 [INFO] ThirdParty:967 - CMSIS Pack Vendor :wolfSSL I-CUBE-wolfSSL 5.6.3
2023-11-29 15:36:15,293 [INFO] ThirdParty:967 - CMSIS Pack Vendor :STMicroelectronics USB_DEVICE 3.0.0
2023-11-29 15:36:15,293 [INFO] ThirdParty:967 - CMSIS Pack Vendor :STMicroelectronics X-CUBE-AZRTOS-WB 2.0.0
2023-11-29 15:36:15,293 [INFO] ThirdParty:967 - CMSIS Pack Vendor :STMicroelectronics X-CUBE-AZRTOS-F7 1.1.0
2023-11-29 15:36:15,293 [INFO] ThirdParty:967 - CMSIS Pack Vendor :STMicroelectronics X-CUBE-AZRTOS-L5 2.0.0
2023-11-29 15:36:15,293 [INFO] ThirdParty:967 - CMSIS Pack Vendor :STMicroelectronics USB_DEVICE 2.0.0
2023-11-29 15:36:15,293 [INFO] ThirdParty:967 - CMSIS Pack Vendor :STMicroelectronics X-CUBE-MEMS1 9.6.0
2023-11-29 15:36:15,293 [INFO] ThirdParty:967 - CMSIS Pack Vendor :STMicroelectronics X-CUBE-EEPRMA1 4.2.0
2023-11-29 15:36:15,294 [INFO] ThirdParty:967 - CMSIS Pack Vendor :STMicroelectronics X-CUBE-ALGOBUILD 1.3.0
2023-11-29 15:36:15,294 [INFO] ThirdParty:967 - CMSIS Pack Vendor :STMicroelectronics FreeRTOS 0.0.1
2023-11-29 15:36:15,294 [INFO] ThirdParty:967 - CMSIS Pack Vendor :STMicroelectronics X-CUBE-AZRTOS-G0 1.1.0
2023-11-29 15:36:15,294 [INFO] ThirdParty:967 - CMSIS Pack Vendor :STMicroelectronics X-CUBE-BLEMGR 2.0.0
2023-11-29 15:36:15,294 [INFO] ThirdParty:967 - CMSIS Pack Vendor :STMicroelectronics X-CUBE-NFC4 3.0.0
2023-11-29 15:36:15,294 [INFO] ThirdParty:967 - CMSIS Pack Vendor :STMicroelectronics X-CUBE-SUBG2 5.0.0
2023-11-29 15:36:15,294 [INFO] ThirdParty:967 - CMSIS Pack Vendor :STMicroelectronics lwIP 2.0.3
2023-11-29 15:36:15,294 [INFO] ThirdParty:967 - CMSIS Pack Vendor :STMicroelectronics USB_HOST 1.0.0
2023-11-29 15:36:15,295 [INFO] ThirdParty:967 - CMSIS Pack Vendor :STMicroelectronics X-CUBE-AZRTOS-G4 2.0.0
2023-11-29 15:36:15,295 [INFO] ThirdParty:967 - CMSIS Pack Vendor :STMicroelectronics PDM2PCM 3.1.0
2023-11-29 15:36:15,295 [INFO] ThirdParty:967 - CMSIS Pack Vendor :STMicroelectronics X-CUBE-AZRTOS-H7 3.1.0
2023-11-29 15:36:15,295 [INFO] ThirdParty:967 - CMSIS Pack Vendor :STMicroelectronics PDM2PCM 3.3.0
2023-11-29 15:36:15,295 [INFO] ThirdParty:967 - CMSIS Pack Vendor :STMicroelectronics X-CUBE-BLE1 7.0.0
2023-11-29 15:36:15,295 [INFO] ThirdParty:967 - CMSIS Pack Vendor :STMicroelectronics FP-ATR-SIGFOX1 3.2.0
2023-11-29 15:36:15,295 [INFO] ThirdParty:967 - CMSIS Pack Vendor :STMicroelectronics HAL Drivers 0.0.0
2023-11-29 15:36:15,295 [INFO] ThirdParty:967 - CMSIS Pack Vendor :STMicroelectronics MBEDTLS 2.16.2
2023-11-29 15:36:15,295 [INFO] ThirdParty:967 - CMSIS Pack Vendor :STMicroelectronics X-CUBE-MEMS1 10.0.0
2023-11-29 15:36:15,296 [INFO] ThirdParty:967 - CMSIS Pack Vendor :STMicroelectronics X-CUBE-TOUCHGFX 4.22.0
2023-11-29 15:36:15,296 [INFO] ThirdParty:967 - CMSIS Pack Vendor :STMicroelectronics X-CUBE-NFC7 1.0.1
2023-11-29 15:36:15,296 [INFO] ThirdParty:967 - CMSIS Pack Vendor :STMicroelectronics MBEDTLS 2.14.1
2023-11-29 15:36:15,296 [INFO] ThirdParty:967 - CMSIS Pack Vendor :STMicroelectronics X-CUBE-TOUCHGFX 4.22.1
2023-11-29 15:36:15,296 [INFO] ThirdParty:967 - CMSIS Pack Vendor :STMicroelectronics X-CUBE-NFC6 3.0.0
2023-11-29 15:36:15,296 [INFO] ThirdParty:967 - CMSIS Pack Vendor :STMicroelectronics X-CUBE-EEPRMA1 4.1.0
2023-11-29 15:36:15,296 [INFO] ThirdParty:967 - CMSIS Pack Vendor :portGmbH I-Cube-SoM-uGOAL 1.1.0
2023-11-29 15:36:15,296 [INFO] ThirdParty:967 - CMSIS Pack Vendor :STMicroelectronics X-CUBE-ALS 1.0.1
2023-11-29 15:36:15,296 [INFO] ThirdParty:967 - CMSIS Pack Vendor :STMicroelectronics X-CUBE-AZRTOS-WL 2.0.0
2023-11-29 15:36:15,296 [INFO] ThirdParty:967 - CMSIS Pack Vendor :SEGGER I-CUBE-embOS 1.3.1
2023-11-29 15:36:15,297 [INFO] ThirdParty:967 - CMSIS Pack Vendor :STMicroelectronics USB_DEVICE 1.0.0
2023-11-29 15:36:15,297 [INFO] ThirdParty:967 - CMSIS Pack Vendor :STMicroelectronics X-CUBE-AI 8.1.0
2023-11-29 15:36:15,297 [INFO] ThirdParty:967 - CMSIS Pack Vendor :STMicroelectronics X-CUBE-AZRTOS-L4 2.0.0
2023-11-29 15:36:15,297 [INFO] ThirdParty:967 - CMSIS Pack Vendor :STMicroelectronics ThreadX 0.0.2
2023-11-29 15:36:15,297 [INFO] ThirdParty:967 - CMSIS Pack Vendor :WES I-CUBE-Cesium 1.3.0
2023-11-29 15:36:15,297 [INFO] ThirdParty:967 - CMSIS Pack Vendor :STMicroelectronics FP-ATR-ASTRA1 2.0.0
2023-11-29 15:36:15,297 [INFO] ThirdParty:967 - CMSIS Pack Vendor :STMicroelectronics lwIP 2.1.2
2023-11-29 15:36:15,297 [INFO] ThirdParty:967 - CMSIS Pack Vendor :STMicroelectronics X-CUBE-SFXS2LP1 4.0.0
2023-11-29 15:36:15,297 [INFO] ThirdParty:967 - CMSIS Pack Vendor :STMicroelectronics X-CUBE-BLE2 3.3.0
2023-11-29 15:36:15,298 [INFO] ThirdParty:967 - CMSIS Pack Vendor :STMicroelectronics PDM2PCM 3.2.0
2023-11-29 15:36:15,298 [INFO] ThirdParty:787 - exiting critical section [change project]
2023-11-29 15:36:15,616 [INFO] PinOutPanel:1463 - setPackage(No Configuration,No Configuration)
2023-11-29 15:36:15,617 [INFO] PinOutPanel:1463 - setPackage(STM32F103C6Ux,UFQFPN48)
2023-11-29 15:36:16,041 [INFO] UtilMem:74 - Before build in PCC Used Memory: 710236304 Bytes (1073741824)
2023-11-29 15:36:16,669 [INFO] UtilMem:74 - After build in PCC Used Memory: 791502992 Bytes (1073741824)
2023-11-29 15:36:16,690 [INFO] IPUIPlugin:74 - create IPUIPlugin
2023-11-29 15:36:16,690 [INFO] IPUIPlugin:74 - create IPUIPlugin
2023-11-29 15:36:16,690 [INFO] IPUIPlugin:74 - create IPUIPlugin
2023-11-29 15:36:16,690 [INFO] IPUIPlugin:74 - create IPUIPlugin
2023-11-29 15:36:16,690 [INFO] IPUIPlugin:74 - create IPUIPlugin
2023-11-29 15:36:16,690 [INFO] IPUIPlugin:74 - create IPUIPlugin
2023-11-29 15:36:16,691 [INFO] IPUIPlugin:74 - create IPUIPlugin
2023-11-29 15:36:16,691 [INFO] IPUIPlugin:74 - create IPUIPlugin
2023-11-29 15:36:16,691 [INFO] IPUIPlugin:74 - create IPUIPlugin
2023-11-29 15:36:16,691 [INFO] IPUIPlugin:74 - create IPUIPlugin
2023-11-29 15:36:16,692 [INFO] IPUIPlugin:74 - create IPUIPlugin
2023-11-29 15:36:16,692 [INFO] IPUIPlugin:74 - create IPUIPlugin
2023-11-29 15:36:16,692 [INFO] IPUIPlugin:74 - create IPUIPlugin
2023-11-29 15:36:16,692 [INFO] IPUIPlugin:74 - create IPUIPlugin
2023-11-29 15:36:16,693 [INFO] IPUIPlugin:74 - create IPUIPlugin
2023-11-29 15:36:16,693 [INFO] IPUIPlugin:74 - create IPUIPlugin
2023-11-29 15:36:16,693 [INFO] IPUIPlugin:74 - create IPUIPlugin
2023-11-29 15:36:16,694 [INFO] IPUIPlugin:74 - create IPUIPlugin
2023-11-29 15:36:16,694 [INFO] IPUIPlugin:74 - create IPUIPlugin
2023-11-29 15:36:16,694 [INFO] IPUIPlugin:74 - create IPUIPlugin
2023-11-29 15:36:16,695 [INFO] IPUIPlugin:74 - create IPUIPlugin
2023-11-29 15:36:16,695 [INFO] IPUIPlugin:74 - create IPUIPlugin
2023-11-29 15:36:16,695 [INFO] IPUIPlugin:74 - create IPUIPlugin
2023-11-29 15:36:16,811 [INFO] OpenFileManager:333 - Restore cursor
2023-11-29 15:36:17,106 [INFO] UtilMem:74 - End SaveConfig() Used Memory: 856995200 Bytes (1073741824)
2023-11-29 15:36:17,153 [INFO] UtilMem:74 - End SaveConfig() Used Memory: 869619856 Bytes (1073741824)
2023-11-29 15:36:17,538 [INFO] BlockDiagram:2740 - set Specific Code input for plugin: NVIC
2023-11-29 15:36:17,538 [INFO] BlockDiagram:2740 - set Specific Code input for plugin: SYS
2023-11-29 15:36:17,538 [INFO] BlockDiagram:2740 - set Specific Code input for plugin: RCC
2023-11-29 15:36:17,539 [INFO] CodeGenerator:663 - code generatio: config db path: D:\STMCubeIDE\STM32CubeIDE_1.7.0\STM32CubeIDE\plugins\com.st.stm32cube.common.mx_6.3.0.202107141111\\db\
2023-11-29 15:36:17,978 [INFO] CodeEngine:239 - oldGeneratedFile, D:\MCU_Lab\MCU_Lab4\STM32IDE\Scheduler\MXTmpFiles\license.tmp_save
2023-11-29 15:36:18,427 [INFO] CodeEngine:257 - Generated code: D:\MCU_Lab\MCU_Lab4\STM32IDE\Scheduler\MXTmpFiles\license.tmp
2023-11-29 15:36:18,598 [INFO] CodeEngine:239 - oldGeneratedFile, D:\MCU_Lab\MCU_Lab4\STM32IDE\Scheduler\Core\Src\stm32f1xx_it.c_save
2023-11-29 15:36:18,808 [INFO] CodeEngine:257 - Generated code: D:\MCU_Lab\MCU_Lab4\STM32IDE\Scheduler\Core\Src\stm32f1xx_it.c
2023-11-29 15:36:18,818 [INFO] CodeEngine:239 - oldGeneratedFile, D:\MCU_Lab\MCU_Lab4\STM32IDE\Scheduler\Core\Inc\stm32f1xx_it.h_save
2023-11-29 15:36:18,903 [INFO] CodeEngine:257 - Generated code: D:\MCU_Lab\MCU_Lab4\STM32IDE\Scheduler\Core\Inc\stm32f1xx_it.h
2023-11-29 15:36:18,921 [INFO] CodeEngine:239 - oldGeneratedFile, D:\MCU_Lab\MCU_Lab4\STM32IDE\Scheduler\Core\Src\stm32f1xx_hal_msp.c_save
2023-11-29 15:36:19,036 [INFO] CodeEngine:257 - Generated code: D:\MCU_Lab\MCU_Lab4\STM32IDE\Scheduler\Core\Src\stm32f1xx_hal_msp.c
2023-11-29 15:36:19,047 [INFO] CodeEngine:239 - oldGeneratedFile, D:\MCU_Lab\MCU_Lab4\STM32IDE\Scheduler\MXTmpFiles\system.tmp_save
2023-11-29 15:36:19,160 [INFO] CodeEngine:257 - Generated code: D:\MCU_Lab\MCU_Lab4\STM32IDE\Scheduler\MXTmpFiles\system.tmp
2023-11-29 15:36:19,182 [INFO] CodeEngine:239 - oldGeneratedFile, D:\MCU_Lab\MCU_Lab4\STM32IDE\Scheduler\Core\Inc\stm32f1xx_hal_conf.h_save
2023-11-29 15:36:19,275 [INFO] CodeEngine:257 - Generated code: D:\MCU_Lab\MCU_Lab4\STM32IDE\Scheduler\Core\Inc\stm32f1xx_hal_conf.h
2023-11-29 15:36:19,326 [INFO] CodeEngine:239 - oldGeneratedFile, D:\MCU_Lab\MCU_Lab4\STM32IDE\Scheduler\Core\Inc\main.h_save
2023-11-29 15:36:19,415 [INFO] CodeEngine:257 - Generated code: D:\MCU_Lab\MCU_Lab4\STM32IDE\Scheduler\Core\Inc\main.h
2023-11-29 15:36:19,423 [INFO] CodeEngine:239 - oldGeneratedFile, D:\MCU_Lab\MCU_Lab4\STM32IDE\Scheduler\Core\Src\main.c_save
2023-11-29 15:36:19,575 [INFO] CodeEngine:257 - Generated code: D:\MCU_Lab\MCU_Lab4\STM32IDE\Scheduler\Core\Src\main.c
2023-11-29 15:36:21,120 [INFO] ProjectBuilder:2578 - Time for Copy HAL[1] : 137mS.
2023-11-29 15:36:21,126 [INFO] ProjectBuilder:3622 - Project Generator version: 3.14.1
2023-11-29 15:36:22,116 [INFO] ConfigFileManager:1271 - The Die is : DIE412
2023-11-29 15:36:22,154 [INFO] ApiDbMcu:468 - Load IP Config File for FATFS
2023-11-29 15:36:22,248 [INFO] ApiDbMcu:468 - Load IP Config File for FREERTOS
2023-11-29 15:36:22,312 [INFO] ApiDbMcu:468 - Load IP Config File for USB_DEVICE
2023-11-29 15:36:28,859 [INFO] ProjectBuilder:3789 - Time for Generating toolchain IDE Files: 7733mS.
2023-11-29 15:36:28,860 [INFO] ProjectBuilder:2457 - Time for Copy CMSIS : 0mS.
2023-11-29 15:36:28,867 [INFO] ProjectBuilder:2457 - Time for Copy CMSIS : 5mS.
2023-11-29 15:36:29,866 [INFO] McuFinderGlobals:52 - Set McuFinderConnectedMode to true
2023-11-29 15:36:29,871 [INFO] ApiDb:276 - Save user favorites file C:\Users\ACER/.stm32cubeide/favorites.mcus.txt: 0 item(s)
2023-11-29 15:36:29,872 [INFO] ApiDb:280 - User favorites MCUs=[]
2023-11-29 15:37:27,623 [INFO] NvicIntPanel:96 - NVIC parent = com.st.microxplorer.plugins.ip.nvic.MultiNvicIntPanel[,0,0,520x319,layout=javax.swing.BoxLayout,alignmentX=0.0,alignmentY=0.0,border=,flags=9,maximumSize=,minimumSize=,preferredSize=]
2023-11-29 15:37:30,306 [INFO] UtilMem:74 - End SaveConfig() Used Memory: 918459000 Bytes (1073741824)
2023-11-29 15:37:31,629 [INFO] UtilMem:74 - End SaveConfig() Used Memory: 832536488 Bytes (1073741824)
2023-11-29 15:37:34,430 [INFO] UtilMem:74 - End SaveConfig() Used Memory: 879661240 Bytes (1073741824)
2023-11-29 15:37:34,813 [INFO] BlockDiagram:2740 - set Specific Code input for plugin: NVIC
2023-11-29 15:37:34,813 [INFO] BlockDiagram:2740 - set Specific Code input for plugin: SYS
2023-11-29 15:37:34,813 [INFO] BlockDiagram:2740 - set Specific Code input for plugin: RCC
2023-11-29 15:37:34,813 [INFO] BlockDiagram:2740 - set Specific Code input for plugin: TIM1_8F1
2023-11-29 15:37:34,813 [INFO] CodeGenerator:663 - code generatio: config db path: D:\STMCubeIDE\STM32CubeIDE_1.7.0\STM32CubeIDE\plugins\com.st.stm32cube.common.mx_6.3.0.202107141111\\db\
2023-11-29 15:37:35,134 [INFO] CodeEngine:239 - oldGeneratedFile, D:\MCU_Lab\MCU_Lab4\STM32IDE\Scheduler\MXTmpFiles\license.tmp_save
2023-11-29 15:37:35,196 [INFO] CodeEngine:257 - Generated code: D:\MCU_Lab\MCU_Lab4\STM32IDE\Scheduler\MXTmpFiles\license.tmp
2023-11-29 15:37:35,414 [INFO] CodeEngine:239 - oldGeneratedFile, D:\MCU_Lab\MCU_Lab4\STM32IDE\Scheduler\Core\Src\stm32f1xx_it.c_save
2023-11-29 15:37:35,570 [INFO] CodeEngine:257 - Generated code: D:\MCU_Lab\MCU_Lab4\STM32IDE\Scheduler\Core\Src\stm32f1xx_it.c
2023-11-29 15:37:35,583 [INFO] CodeEngine:239 - oldGeneratedFile, D:\MCU_Lab\MCU_Lab4\STM32IDE\Scheduler\Core\Inc\stm32f1xx_it.h_save
2023-11-29 15:37:35,672 [INFO] CodeEngine:257 - Generated code: D:\MCU_Lab\MCU_Lab4\STM32IDE\Scheduler\Core\Inc\stm32f1xx_it.h
2023-11-29 15:37:35,689 [INFO] CodeEngine:239 - oldGeneratedFile, D:\MCU_Lab\MCU_Lab4\STM32IDE\Scheduler\Core\Src\stm32f1xx_hal_msp.c_save
2023-11-29 15:37:35,887 [INFO] CodeEngine:257 - Generated code: D:\MCU_Lab\MCU_Lab4\STM32IDE\Scheduler\Core\Src\stm32f1xx_hal_msp.c
2023-11-29 15:37:35,890 [INFO] CodeEngine:239 - oldGeneratedFile, D:\MCU_Lab\MCU_Lab4\STM32IDE\Scheduler\MXTmpFiles\system.tmp_save
2023-11-29 15:37:35,971 [INFO] CodeEngine:257 - Generated code: D:\MCU_Lab\MCU_Lab4\STM32IDE\Scheduler\MXTmpFiles\system.tmp
2023-11-29 15:37:35,987 [INFO] CodeEngine:239 - oldGeneratedFile, D:\MCU_Lab\MCU_Lab4\STM32IDE\Scheduler\Core\Inc\stm32f1xx_hal_conf.h_save
2023-11-29 15:37:36,135 [INFO] CodeEngine:257 - Generated code: D:\MCU_Lab\MCU_Lab4\STM32IDE\Scheduler\Core\Inc\stm32f1xx_hal_conf.h
2023-11-29 15:37:36,158 [WARN] IPConfigManager:3148 - IP not found : TIM
2023-11-29 15:37:36,159 [WARN] CodeGenerator:3268 - IP not found : null
2023-11-29 15:37:36,180 [INFO] CodeEngine:239 - oldGeneratedFile, D:\MCU_Lab\MCU_Lab4\STM32IDE\Scheduler\Core\Inc\main.h_save
2023-11-29 15:37:36,294 [INFO] CodeEngine:257 - Generated code: D:\MCU_Lab\MCU_Lab4\STM32IDE\Scheduler\Core\Inc\main.h
2023-11-29 15:37:36,340 [INFO] CodeEngine:239 - oldGeneratedFile, D:\MCU_Lab\MCU_Lab4\STM32IDE\Scheduler\Core\Src\main.c_save
2023-11-29 15:37:36,507 [INFO] CodeEngine:257 - Generated code: D:\MCU_Lab\MCU_Lab4\STM32IDE\Scheduler\Core\Src\main.c
2023-11-29 15:37:37,692 [INFO] ProjectBuilder:2578 - Time for Copy HAL[1] : 105mS.
2023-11-29 15:37:37,696 [INFO] ProjectBuilder:3622 - Project Generator version: 3.14.1
2023-11-29 15:37:38,285 [INFO] ConfigFileManager:1271 - The Die is : DIE412
2023-11-29 15:37:41,646 [INFO] ProjectBuilder:3789 - Time for Generating toolchain IDE Files: 3950mS.
2023-11-29 15:37:41,648 [INFO] ProjectBuilder:2457 - Time for Copy CMSIS : 1mS.
2023-11-29 15:37:41,651 [INFO] ProjectBuilder:2457 - Time for Copy CMSIS : 1mS.
2023-11-29 16:16:05,910 [INFO] UtilMem:74 - End SaveConfig() Used Memory: 890500200 Bytes (1073741824)
2023-11-29 16:16:06,927 [INFO] UtilMem:74 - End SaveConfig() Used Memory: 908852328 Bytes (1073741824)
2023-11-29 16:16:11,614 [INFO] UtilMem:74 - End SaveConfig() Used Memory: 930041720 Bytes (1073741824)
2023-11-29 16:16:11,987 [INFO] BlockDiagram:2740 - set Specific Code input for plugin: NVIC
2023-11-29 16:16:11,987 [INFO] BlockDiagram:2740 - set Specific Code input for plugin: SYS
2023-11-29 16:16:11,988 [INFO] BlockDiagram:2740 - set Specific Code input for plugin: GPIO
2023-11-29 16:16:11,988 [INFO] BlockDiagram:2740 - set Specific Code input for plugin: RCC
2023-11-29 16:16:11,988 [INFO] BlockDiagram:2740 - set Specific Code input for plugin: TIM1_8F1
2023-11-29 16:16:11,989 [INFO] CodeGenerator:663 - code generatio: config db path: D:\STMCubeIDE\STM32CubeIDE_1.7.0\STM32CubeIDE\plugins\com.st.stm32cube.common.mx_6.3.0.202107141111\\db\
2023-11-29 16:16:12,390 [INFO] CodeEngine:239 - oldGeneratedFile, D:\MCU_Lab\MCU_Lab4\STM32IDE\Scheduler\MXTmpFiles\license.tmp_save
2023-11-29 16:16:12,460 [INFO] CodeEngine:257 - Generated code: D:\MCU_Lab\MCU_Lab4\STM32IDE\Scheduler\MXTmpFiles\license.tmp
2023-11-29 16:16:12,548 [INFO] CodeEngine:239 - oldGeneratedFile, D:\MCU_Lab\MCU_Lab4\STM32IDE\Scheduler\MXTmpFiles\gpio.tmp_save
2023-11-29 16:16:12,630 [INFO] CodeEngine:257 - Generated code: D:\MCU_Lab\MCU_Lab4\STM32IDE\Scheduler\MXTmpFiles\gpio.tmp
2023-11-29 16:16:12,661 [INFO] CodeEngine:239 - oldGeneratedFile, D:\MCU_Lab\MCU_Lab4\STM32IDE\Scheduler\Core\Src\stm32f1xx_it.c_save
2023-11-29 16:16:12,754 [INFO] CodeEngine:257 - Generated code: D:\MCU_Lab\MCU_Lab4\STM32IDE\Scheduler\Core\Src\stm32f1xx_it.c
2023-11-29 16:16:12,760 [INFO] CodeEngine:239 - oldGeneratedFile, D:\MCU_Lab\MCU_Lab4\STM32IDE\Scheduler\Core\Inc\stm32f1xx_it.h_save
2023-11-29 16:16:12,824 [INFO] CodeEngine:257 - Generated code: D:\MCU_Lab\MCU_Lab4\STM32IDE\Scheduler\Core\Inc\stm32f1xx_it.h
2023-11-29 16:16:12,840 [INFO] CodeEngine:239 - oldGeneratedFile, D:\MCU_Lab\MCU_Lab4\STM32IDE\Scheduler\Core\Src\stm32f1xx_hal_msp.c_save
2023-11-29 16:16:12,942 [INFO] CodeEngine:257 - Generated code: D:\MCU_Lab\MCU_Lab4\STM32IDE\Scheduler\Core\Src\stm32f1xx_hal_msp.c
2023-11-29 16:16:12,946 [INFO] CodeEngine:239 - oldGeneratedFile, D:\MCU_Lab\MCU_Lab4\STM32IDE\Scheduler\MXTmpFiles\system.tmp_save
2023-11-29 16:16:13,007 [INFO] CodeEngine:257 - Generated code: D:\MCU_Lab\MCU_Lab4\STM32IDE\Scheduler\MXTmpFiles\system.tmp
2023-11-29 16:16:13,025 [INFO] CodeEngine:239 - oldGeneratedFile, D:\MCU_Lab\MCU_Lab4\STM32IDE\Scheduler\Core\Inc\stm32f1xx_hal_conf.h_save
2023-11-29 16:16:13,142 [INFO] CodeEngine:257 - Generated code: D:\MCU_Lab\MCU_Lab4\STM32IDE\Scheduler\Core\Inc\stm32f1xx_hal_conf.h
2023-11-29 16:16:13,159 [WARN] IPConfigManager:3148 - IP not found : TIM
2023-11-29 16:16:13,159 [WARN] CodeGenerator:3268 - IP not found : null
2023-11-29 16:16:13,173 [INFO] CodeEngine:239 - oldGeneratedFile, D:\MCU_Lab\MCU_Lab4\STM32IDE\Scheduler\Core\Inc\main.h_save
2023-11-29 16:16:13,252 [INFO] CodeEngine:257 - Generated code: D:\MCU_Lab\MCU_Lab4\STM32IDE\Scheduler\Core\Inc\main.h
2023-11-29 16:16:13,263 [INFO] CodeEngine:239 - oldGeneratedFile, D:\MCU_Lab\MCU_Lab4\STM32IDE\Scheduler\Core\Src\main.c_save
2023-11-29 16:16:13,406 [INFO] CodeEngine:257 - Generated code: D:\MCU_Lab\MCU_Lab4\STM32IDE\Scheduler\Core\Src\main.c
2023-11-29 16:16:14,328 [INFO] ProjectBuilder:2578 - Time for Copy HAL[1] : 89mS.
2023-11-29 16:16:14,330 [INFO] ProjectBuilder:3622 - Project Generator version: 3.14.1
2023-11-29 16:16:15,547 [INFO] ConfigFileManager:1271 - The Die is : DIE412
2023-11-29 16:16:17,935 [INFO] ProjectBuilder:3789 - Time for Generating toolchain IDE Files: 3605mS.
2023-11-29 16:16:17,936 [INFO] ProjectBuilder:2457 - Time for Copy CMSIS : 0mS.
2023-11-29 16:16:17,939 [INFO] ProjectBuilder:2457 - Time for Copy CMSIS : 0mS.
